<?xml version="1.0" encoding="utf-8"?>
<CoverageSession>
  <Summary numSequencePoints="323" visitedSequencePoints="19" numBranchPoints="36" visitedBranchPoints="0" sequenceCoverage="5.88" branchCoverage="0" maxCyclomaticComplexity="84" minCyclomaticComplexity="84" visitedClasses="1" numClasses="16" visitedMethods="6" numMethods="58" />
  <Modules>
    <Module hash="CA433B94-2A7C-46ED-A27E-E71726B6C011">
      <ModulePath>InventoryManagementSystem.dll</ModulePath>
      <ModuleTime>2020-06-26T02:43:41</ModuleTime>
      <ModuleName>InventoryManagementSystem</ModuleName>
      <Files>
        <File uid="1" fullPath="C:\Users\ctsdotnetfsd01\source\repos\InventoryManagementService\InventoryManagementSystem\Program.cs" />
        <File uid="2" fullPath="C:\Users\ctsdotnetfsd01\source\repos\InventoryManagementService\InventoryManagementSystem\Startup.cs" />
        <File uid="3" fullPath="C:\Users\ctsdotnetfsd01\source\repos\InventoryManagementService\InventoryManagementSystem\WeatherForecast.cs" />
        <File uid="4" fullPath="C:\Users\ctsdotnetfsd01\source\repos\InventoryManagementService\InventoryManagementSystem\Repository\CustomerRepository.cs" />
        <File uid="5" fullPath="C:\Users\ctsdotnetfsd01\source\repos\InventoryManagementService\InventoryManagementSystem\Models\Customer.cs" />
        <File uid="6" fullPath="C:\Users\ctsdotnetfsd01\source\repos\InventoryManagementService\InventoryManagementSystem\Models\User.cs" />
        <File uid="7" fullPath="C:\Users\ctsdotnetfsd01\source\repos\InventoryManagementService\InventoryManagementSystem\Data\CustomerDbContext.cs" />
        <File uid="8" fullPath="C:\Users\ctsdotnetfsd01\source\repos\InventoryManagementService\InventoryManagementSystem\Controllers\AuthController.cs" />
        <File uid="9" fullPath="C:\Users\ctsdotnetfsd01\source\repos\InventoryManagementService\InventoryManagementSystem\Controllers\CustomerController.cs" />
        <File uid="10" fullPath="C:\Users\ctsdotnetfsd01\source\repos\InventoryManagementService\InventoryManagementSystem\Controllers\WeatherForecastController.cs" />
        <File uid="11" fullPath="C:\Users\ctsdotnetfsd01\source\repos\InventoryManagementService\InventoryManagementSystem\BusinessLayer\CustomerDetailsBL.cs" />
        <File uid="12" fullPath="C:\Users\ctsdotnetfsd01\source\repos\InventoryManagementService\InventoryManagementSystem\Authentication\AuthenticationIMS.cs" />
      </Files>
      <Classes>
        <Class>
          <Summary numSequencePoints="8" visitedSequencePoints="0" numBranchPoints="0" visitedBranchPoints="0" sequenceCoverage="0" branchCoverage="100" maxCyclomaticComplexity="1" minCyclomaticComplexity="1" visitedClasses="0" numClasses="1" visitedMethods="0" numMethods="2" />
          <FullName>InventoryManagementSystem.Program</FullName>
          <Methods>
            <Method cyclomaticComplexity="1" nPathComplexity="0" sequenceCoverage="0" branchCoverage="100" isConstructor="False" isGetter="False" isSetter="False" isStatic="True">
              <Summary numSequencePoints="3" visitedSequencePoints="0" numBranchPoints="0" visitedBranchPoints="0" sequenceCoverage="0" branchCoverage="100" maxCyclomaticComplexity="1" minCyclomaticComplexity="1" visitedClasses="0" numClasses="0" visitedMethods="0" numMethods="1" />
              <MetadataToken />
              <Name>System.Void InventoryManagementSystem.Program::Main(System.String[])</Name>
              <FileRef uid="1" />
              <SequencePoints>
                <SequencePoint vc="0" uspid="15" ordinal="0" sl="15" sc="1" el="15" ec="2" bec="0" bev="0" fileid="1" />
                <SequencePoint vc="0" uspid="16" ordinal="1" sl="16" sc="1" el="16" ec="2" bec="0" bev="0" fileid="1" />
                <SequencePoint vc="0" uspid="17" ordinal="2" sl="17" sc="1" el="17" ec="2" bec="0" bev="0" fileid="1" />
              </SequencePoints>
              <BranchPoints />
              <MethodPoint vc="0" uspid="0" p8:type="SequencePoint" ordinal="0" offset="0" sc="0" sl="15" ec="1" el="17" bec="0" bev="0" fileid="1" xmlns:p8="xsi" />
            </Method>
            <Method cyclomaticComplexity="1" nPathComplexity="0" sequenceCoverage="0" branchCoverage="100" isConstructor="False" isGetter="False" isSetter="False" isStatic="True">
              <Summary numSequencePoints="5" visitedSequencePoints="0" numBranchPoints="0" visitedBranchPoints="0" sequenceCoverage="0" branchCoverage="100" maxCyclomaticComplexity="1" minCyclomaticComplexity="1" visitedClasses="0" numClasses="0" visitedMethods="0" numMethods="1" />
              <MetadataToken />
              <Name>Microsoft.Extensions.Hosting.IHostBuilder InventoryManagementSystem.Program::CreateHostBuilder(System.String[])</Name>
              <FileRef uid="1" />
              <SequencePoints>
                <SequencePoint vc="0" uspid="20" ordinal="0" sl="20" sc="1" el="20" ec="2" bec="0" bev="0" fileid="1" />
                <SequencePoint vc="0" uspid="21" ordinal="1" sl="21" sc="1" el="21" ec="2" bec="0" bev="0" fileid="1" />
                <SequencePoint vc="0" uspid="22" ordinal="2" sl="22" sc="1" el="22" ec="2" bec="0" bev="0" fileid="1" />
                <SequencePoint vc="0" uspid="23" ordinal="3" sl="23" sc="1" el="23" ec="2" bec="0" bev="0" fileid="1" />
                <SequencePoint vc="0" uspid="24" ordinal="4" sl="24" sc="1" el="24" ec="2" bec="0" bev="0" fileid="1" />
              </SequencePoints>
              <BranchPoints />
              <MethodPoint vc="0" uspid="0" p8:type="SequencePoint" ordinal="1" offset="1" sc="0" sl="20" ec="1" el="24" bec="0" bev="0" fileid="1" xmlns:p8="xsi" />
            </Method>
          </Methods>
        </Class>
        <Class>
          <Summary numSequencePoints="68" visitedSequencePoints="0" numBranchPoints="2" visitedBranchPoints="0" sequenceCoverage="0" branchCoverage="0" maxCyclomaticComplexity="2" minCyclomaticComplexity="1" visitedClasses="0" numClasses="1" visitedMethods="0" numMethods="4" />
          <FullName>InventoryManagementSystem.Startup</FullName>
          <Methods>
            <Method cyclomaticComplexity="1" nPathComplexity="0" sequenceCoverage="0" branchCoverage="100" isConstructor="False" isGetter="True" isSetter="False" isStatic="True">
              <Summary numSequencePoints="1" visitedSequencePoints="0" numBranchPoints="0" visitedBranchPoints="0" sequenceCoverage="0" branchCoverage="100" maxCyclomaticComplexity="1" minCyclomaticComplexity="1" visitedClasses="0" numClasses="0" visitedMethods="0" numMethods="1" />
              <MetadataToken />
              <Name>Microsoft.Extensions.Configuration.IConfiguration InventoryManagementSystem.Startup::get_Configuration()</Name>
              <FileRef uid="2" />
              <SequencePoints>
                <SequencePoint vc="0" uspid="33" ordinal="0" sl="33" sc="1" el="33" ec="2" bec="0" bev="0" fileid="2" />
              </SequencePoints>
              <BranchPoints />
              <MethodPoint vc="0" uspid="0" p8:type="SequencePoint" ordinal="0" offset="0" sc="0" sl="33" ec="1" el="33" bec="0" bev="0" fileid="2" xmlns:p8="xsi" />
            </Method>
            <Method cyclomaticComplexity="1" nPathComplexity="0" sequenceCoverage="0" branchCoverage="100" isConstructor="False" isGetter="False" isSetter="False" isStatic="True">
              <Summary numSequencePoints="37" visitedSequencePoints="0" numBranchPoints="0" visitedBranchPoints="0" sequenceCoverage="0" branchCoverage="100" maxCyclomaticComplexity="1" minCyclomaticComplexity="1" visitedClasses="0" numClasses="0" visitedMethods="0" numMethods="1" />
              <MetadataToken />
              <Name>System.Void InventoryManagementSystem.Startup::ConfigureServices(Microsoft.Extensions.DependencyInjection.IServiceCollection)</Name>
              <FileRef uid="2" />
              <SequencePoints>
                <SequencePoint vc="0" uspid="37" ordinal="0" sl="37" sc="1" el="37" ec="2" bec="0" bev="0" fileid="2" />
                <SequencePoint vc="0" uspid="38" ordinal="1" sl="38" sc="1" el="38" ec="2" bec="0" bev="0" fileid="2" />
                <SequencePoint vc="0" uspid="39" ordinal="2" sl="39" sc="1" el="39" ec="2" bec="0" bev="0" fileid="2" />
                <SequencePoint vc="0" uspid="41" ordinal="3" sl="41" sc="1" el="41" ec="2" bec="0" bev="0" fileid="2" />
                <SequencePoint vc="0" uspid="42" ordinal="4" sl="42" sc="1" el="42" ec="2" bec="0" bev="0" fileid="2" />
                <SequencePoint vc="0" uspid="43" ordinal="5" sl="43" sc="1" el="43" ec="2" bec="0" bev="0" fileid="2" />
                <SequencePoint vc="0" uspid="44" ordinal="6" sl="44" sc="1" el="44" ec="2" bec="0" bev="0" fileid="2" />
                <SequencePoint vc="0" uspid="45" ordinal="7" sl="45" sc="1" el="45" ec="2" bec="0" bev="0" fileid="2" />
                <SequencePoint vc="0" uspid="46" ordinal="8" sl="46" sc="1" el="46" ec="2" bec="0" bev="0" fileid="2" />
                <SequencePoint vc="0" uspid="47" ordinal="9" sl="47" sc="1" el="47" ec="2" bec="0" bev="0" fileid="2" />
                <SequencePoint vc="0" uspid="48" ordinal="10" sl="48" sc="1" el="48" ec="2" bec="0" bev="0" fileid="2" />
                <SequencePoint vc="0" uspid="49" ordinal="11" sl="49" sc="1" el="49" ec="2" bec="0" bev="0" fileid="2" />
                <SequencePoint vc="0" uspid="50" ordinal="12" sl="50" sc="1" el="50" ec="2" bec="0" bev="0" fileid="2" />
                <SequencePoint vc="0" uspid="51" ordinal="13" sl="51" sc="1" el="51" ec="2" bec="0" bev="0" fileid="2" />
                <SequencePoint vc="0" uspid="52" ordinal="14" sl="52" sc="1" el="52" ec="2" bec="0" bev="0" fileid="2" />
                <SequencePoint vc="0" uspid="53" ordinal="15" sl="53" sc="1" el="53" ec="2" bec="0" bev="0" fileid="2" />
                <SequencePoint vc="0" uspid="55" ordinal="16" sl="55" sc="1" el="55" ec="2" bec="0" bev="0" fileid="2" />
                <SequencePoint vc="0" uspid="56" ordinal="17" sl="56" sc="1" el="56" ec="2" bec="0" bev="0" fileid="2" />
                <SequencePoint vc="0" uspid="57" ordinal="18" sl="57" sc="1" el="57" ec="2" bec="0" bev="0" fileid="2" />
                <SequencePoint vc="0" uspid="58" ordinal="19" sl="58" sc="1" el="58" ec="2" bec="0" bev="0" fileid="2" />
                <SequencePoint vc="0" uspid="59" ordinal="20" sl="59" sc="1" el="59" ec="2" bec="0" bev="0" fileid="2" />
                <SequencePoint vc="0" uspid="60" ordinal="21" sl="60" sc="1" el="60" ec="2" bec="0" bev="0" fileid="2" />
                <SequencePoint vc="0" uspid="61" ordinal="22" sl="61" sc="1" el="61" ec="2" bec="0" bev="0" fileid="2" />
                <SequencePoint vc="0" uspid="62" ordinal="23" sl="62" sc="1" el="62" ec="2" bec="0" bev="0" fileid="2" />
                <SequencePoint vc="0" uspid="63" ordinal="24" sl="63" sc="1" el="63" ec="2" bec="0" bev="0" fileid="2" />
                <SequencePoint vc="0" uspid="64" ordinal="25" sl="64" sc="1" el="64" ec="2" bec="0" bev="0" fileid="2" />
                <SequencePoint vc="0" uspid="65" ordinal="26" sl="65" sc="1" el="65" ec="2" bec="0" bev="0" fileid="2" />
                <SequencePoint vc="0" uspid="66" ordinal="27" sl="66" sc="1" el="66" ec="2" bec="0" bev="0" fileid="2" />
                <SequencePoint vc="0" uspid="67" ordinal="28" sl="67" sc="1" el="67" ec="2" bec="0" bev="0" fileid="2" />
                <SequencePoint vc="0" uspid="68" ordinal="29" sl="68" sc="1" el="68" ec="2" bec="0" bev="0" fileid="2" />
                <SequencePoint vc="0" uspid="69" ordinal="30" sl="69" sc="1" el="69" ec="2" bec="0" bev="0" fileid="2" />
                <SequencePoint vc="0" uspid="70" ordinal="31" sl="70" sc="1" el="70" ec="2" bec="0" bev="0" fileid="2" />
                <SequencePoint vc="0" uspid="71" ordinal="32" sl="71" sc="1" el="71" ec="2" bec="0" bev="0" fileid="2" />
                <SequencePoint vc="0" uspid="72" ordinal="33" sl="72" sc="1" el="72" ec="2" bec="0" bev="0" fileid="2" />
                <SequencePoint vc="0" uspid="73" ordinal="34" sl="73" sc="1" el="73" ec="2" bec="0" bev="0" fileid="2" />
                <SequencePoint vc="0" uspid="74" ordinal="35" sl="74" sc="1" el="74" ec="2" bec="0" bev="0" fileid="2" />
                <SequencePoint vc="0" uspid="75" ordinal="36" sl="75" sc="1" el="75" ec="2" bec="0" bev="0" fileid="2" />
              </SequencePoints>
              <BranchPoints />
              <MethodPoint vc="0" uspid="0" p8:type="SequencePoint" ordinal="1" offset="1" sc="0" sl="37" ec="1" el="75" bec="0" bev="0" fileid="2" xmlns:p8="xsi" />
            </Method>
            <Method cyclomaticComplexity="2" nPathComplexity="0" sequenceCoverage="0" branchCoverage="0" isConstructor="False" isGetter="False" isSetter="False" isStatic="True">
              <Summary numSequencePoints="26" visitedSequencePoints="0" numBranchPoints="2" visitedBranchPoints="0" sequenceCoverage="0" branchCoverage="0" maxCyclomaticComplexity="2" minCyclomaticComplexity="2" visitedClasses="0" numClasses="0" visitedMethods="0" numMethods="1" />
              <MetadataToken />
              <Name>System.Void InventoryManagementSystem.Startup::Configure(Microsoft.AspNetCore.Builder.IApplicationBuilder,Microsoft.AspNetCore.Hosting.IWebHostEnvironment,InventoryManagementSystem.Data.CustomerDbContext)</Name>
              <FileRef uid="2" />
              <SequencePoints>
                <SequencePoint vc="0" uspid="79" ordinal="0" sl="79" sc="1" el="79" ec="2" bec="0" bev="0" fileid="2" />
                <SequencePoint vc="0" uspid="80" ordinal="1" sl="80" sc="1" el="80" ec="2" bec="2" bev="0" fileid="2" />
                <SequencePoint vc="0" uspid="81" ordinal="2" sl="81" sc="1" el="81" ec="2" bec="0" bev="0" fileid="2" />
                <SequencePoint vc="0" uspid="82" ordinal="3" sl="82" sc="1" el="82" ec="2" bec="0" bev="0" fileid="2" />
                <SequencePoint vc="0" uspid="83" ordinal="4" sl="83" sc="1" el="83" ec="2" bec="0" bev="0" fileid="2" />
                <SequencePoint vc="0" uspid="85" ordinal="5" sl="85" sc="1" el="85" ec="2" bec="0" bev="0" fileid="2" />
                <SequencePoint vc="0" uspid="86" ordinal="6" sl="86" sc="1" el="86" ec="2" bec="0" bev="0" fileid="2" />
                <SequencePoint vc="0" uspid="87" ordinal="7" sl="87" sc="1" el="87" ec="2" bec="0" bev="0" fileid="2" />
                <SequencePoint vc="0" uspid="88" ordinal="8" sl="88" sc="1" el="88" ec="2" bec="0" bev="0" fileid="2" />
                <SequencePoint vc="0" uspid="89" ordinal="9" sl="89" sc="1" el="89" ec="2" bec="0" bev="0" fileid="2" />
                <SequencePoint vc="0" uspid="90" ordinal="10" sl="90" sc="1" el="90" ec="2" bec="0" bev="0" fileid="2" />
                <SequencePoint vc="0" uspid="91" ordinal="11" sl="91" sc="1" el="91" ec="2" bec="0" bev="0" fileid="2" />
                <SequencePoint vc="0" uspid="92" ordinal="12" sl="92" sc="1" el="92" ec="2" bec="0" bev="0" fileid="2" />
                <SequencePoint vc="0" uspid="94" ordinal="13" sl="94" sc="1" el="94" ec="2" bec="0" bev="0" fileid="2" />
                <SequencePoint vc="0" uspid="95" ordinal="14" sl="95" sc="1" el="95" ec="2" bec="0" bev="0" fileid="2" />
                <SequencePoint vc="0" uspid="96" ordinal="15" sl="96" sc="1" el="96" ec="2" bec="0" bev="0" fileid="2" />
                <SequencePoint vc="0" uspid="97" ordinal="16" sl="97" sc="1" el="97" ec="2" bec="0" bev="0" fileid="2" />
                <SequencePoint vc="0" uspid="99" ordinal="17" sl="99" sc="1" el="99" ec="2" bec="0" bev="0" fileid="2" />
                <SequencePoint vc="0" uspid="101" ordinal="18" sl="101" sc="1" el="101" ec="2" bec="0" bev="0" fileid="2" />
                <SequencePoint vc="0" uspid="103" ordinal="19" sl="103" sc="1" el="103" ec="2" bec="0" bev="0" fileid="2" />
                <SequencePoint vc="0" uspid="106" ordinal="20" sl="106" sc="1" el="106" ec="2" bec="0" bev="0" fileid="2" />
                <SequencePoint vc="0" uspid="108" ordinal="21" sl="108" sc="1" el="108" ec="2" bec="0" bev="0" fileid="2" />
                <SequencePoint vc="0" uspid="109" ordinal="22" sl="109" sc="1" el="109" ec="2" bec="0" bev="0" fileid="2" />
                <SequencePoint vc="0" uspid="110" ordinal="23" sl="110" sc="1" el="110" ec="2" bec="0" bev="0" fileid="2" />
                <SequencePoint vc="0" uspid="111" ordinal="24" sl="111" sc="1" el="111" ec="2" bec="0" bev="0" fileid="2" />
                <SequencePoint vc="0" uspid="112" ordinal="25" sl="112" sc="1" el="112" ec="2" bec="0" bev="0" fileid="2" />
              </SequencePoints>
              <BranchPoints>
                <BranchPoint vc="0" uspid="80" ordinal="0" path="0" offset="9" offsetend="11" sl="80" fileid="2" />
                <BranchPoint vc="0" uspid="80" ordinal="1" path="1" offset="9" offsetend="20" sl="80" fileid="2" />
              </BranchPoints>
              <MethodPoint vc="0" uspid="0" p8:type="SequencePoint" ordinal="2" offset="2" sc="0" sl="79" ec="1" el="112" bec="0" bev="0" fileid="2" xmlns:p8="xsi" />
            </Method>
            <Method cyclomaticComplexity="1" nPathComplexity="0" sequenceCoverage="0" branchCoverage="100" isConstructor="True" isGetter="False" isSetter="False" isStatic="True">
              <Summary numSequencePoints="4" visitedSequencePoints="0" numBranchPoints="0" visitedBranchPoints="0" sequenceCoverage="0" branchCoverage="100" maxCyclomaticComplexity="1" minCyclomaticComplexity="1" visitedClasses="0" numClasses="0" visitedMethods="0" numMethods="1" />
              <MetadataToken />
              <Name>System.Void InventoryManagementSystem.Startup::.ctor(Microsoft.Extensions.Configuration.IConfiguration)</Name>
              <FileRef uid="2" />
              <SequencePoints>
                <SequencePoint vc="0" uspid="28" ordinal="0" sl="28" sc="1" el="28" ec="2" bec="0" bev="0" fileid="2" />
                <SequencePoint vc="0" uspid="29" ordinal="1" sl="29" sc="1" el="29" ec="2" bec="0" bev="0" fileid="2" />
                <SequencePoint vc="0" uspid="30" ordinal="2" sl="30" sc="1" el="30" ec="2" bec="0" bev="0" fileid="2" />
                <SequencePoint vc="0" uspid="31" ordinal="3" sl="31" sc="1" el="31" ec="2" bec="0" bev="0" fileid="2" />
              </SequencePoints>
              <BranchPoints />
              <MethodPoint vc="0" uspid="0" p8:type="SequencePoint" ordinal="3" offset="3" sc="0" sl="28" ec="1" el="31" bec="0" bev="0" fileid="2" xmlns:p8="xsi" />
            </Method>
          </Methods>
        </Class>
        <Class>
          <Summary numSequencePoints="4" visitedSequencePoints="0" numBranchPoints="0" visitedBranchPoints="0" sequenceCoverage="0" branchCoverage="100" maxCyclomaticComplexity="1" minCyclomaticComplexity="1" visitedClasses="0" numClasses="1" visitedMethods="0" numMethods="4" />
          <FullName>InventoryManagementSystem.WeatherForecast</FullName>
          <Methods>
            <Method cyclomaticComplexity="1" nPathComplexity="0" sequenceCoverage="0" branchCoverage="100" isConstructor="False" isGetter="True" isSetter="False" isStatic="True">
              <Summary numSequencePoints="1" visitedSequencePoints="0" numBranchPoints="0" visitedBranchPoints="0" sequenceCoverage="0" branchCoverage="100" maxCyclomaticComplexity="1" minCyclomaticComplexity="1" visitedClasses="0" numClasses="0" visitedMethods="0" numMethods="1" />
              <MetadataToken />
              <Name>System.DateTime InventoryManagementSystem.WeatherForecast::get_Date()</Name>
              <FileRef uid="3" />
              <SequencePoints>
                <SequencePoint vc="0" uspid="7" ordinal="0" sl="7" sc="1" el="7" ec="2" bec="0" bev="0" fileid="3" />
              </SequencePoints>
              <BranchPoints />
              <MethodPoint vc="0" uspid="0" p8:type="SequencePoint" ordinal="0" offset="0" sc="0" sl="7" ec="1" el="7" bec="0" bev="0" fileid="3" xmlns:p8="xsi" />
            </Method>
            <Method cyclomaticComplexity="1" nPathComplexity="0" sequenceCoverage="0" branchCoverage="100" isConstructor="False" isGetter="True" isSetter="False" isStatic="True">
              <Summary numSequencePoints="1" visitedSequencePoints="0" numBranchPoints="0" visitedBranchPoints="0" sequenceCoverage="0" branchCoverage="100" maxCyclomaticComplexity="1" minCyclomaticComplexity="1" visitedClasses="0" numClasses="0" visitedMethods="0" numMethods="1" />
              <MetadataToken />
              <Name>System.Int32 InventoryManagementSystem.WeatherForecast::get_TemperatureC()</Name>
              <FileRef uid="3" />
              <SequencePoints>
                <SequencePoint vc="0" uspid="9" ordinal="0" sl="9" sc="1" el="9" ec="2" bec="0" bev="0" fileid="3" />
              </SequencePoints>
              <BranchPoints />
              <MethodPoint vc="0" uspid="0" p8:type="SequencePoint" ordinal="1" offset="1" sc="0" sl="9" ec="1" el="9" bec="0" bev="0" fileid="3" xmlns:p8="xsi" />
            </Method>
            <Method cyclomaticComplexity="1" nPathComplexity="0" sequenceCoverage="0" branchCoverage="100" isConstructor="False" isGetter="True" isSetter="False" isStatic="True">
              <Summary numSequencePoints="1" visitedSequencePoints="0" numBranchPoints="0" visitedBranchPoints="0" sequenceCoverage="0" branchCoverage="100" maxCyclomaticComplexity="1" minCyclomaticComplexity="1" visitedClasses="0" numClasses="0" visitedMethods="0" numMethods="1" />
              <MetadataToken />
              <Name>System.Int32 InventoryManagementSystem.WeatherForecast::get_TemperatureF()</Name>
              <FileRef uid="3" />
              <SequencePoints>
                <SequencePoint vc="0" uspid="11" ordinal="0" sl="11" sc="1" el="11" ec="2" bec="0" bev="0" fileid="3" />
              </SequencePoints>
              <BranchPoints />
              <MethodPoint vc="0" uspid="0" p8:type="SequencePoint" ordinal="2" offset="2" sc="0" sl="11" ec="1" el="11" bec="0" bev="0" fileid="3" xmlns:p8="xsi" />
            </Method>
            <Method cyclomaticComplexity="1" nPathComplexity="0" sequenceCoverage="0" branchCoverage="100" isConstructor="False" isGetter="True" isSetter="False" isStatic="True">
              <Summary numSequencePoints="1" visitedSequencePoints="0" numBranchPoints="0" visitedBranchPoints="0" sequenceCoverage="0" branchCoverage="100" maxCyclomaticComplexity="1" minCyclomaticComplexity="1" visitedClasses="0" numClasses="0" visitedMethods="0" numMethods="1" />
              <MetadataToken />
              <Name>System.String InventoryManagementSystem.WeatherForecast::get_Summary()</Name>
              <FileRef uid="3" />
              <SequencePoints>
                <SequencePoint vc="0" uspid="13" ordinal="0" sl="13" sc="1" el="13" ec="2" bec="0" bev="0" fileid="3" />
              </SequencePoints>
              <BranchPoints />
              <MethodPoint vc="0" uspid="0" p8:type="SequencePoint" ordinal="3" offset="3" sc="0" sl="13" ec="1" el="13" bec="0" bev="0" fileid="3" xmlns:p8="xsi" />
            </Method>
          </Methods>
        </Class>
        <Class>
          <Summary numSequencePoints="38" visitedSequencePoints="0" numBranchPoints="6" visitedBranchPoints="0" sequenceCoverage="0" branchCoverage="0" maxCyclomaticComplexity="6" minCyclomaticComplexity="1" visitedClasses="0" numClasses="1" visitedMethods="0" numMethods="6" />
          <FullName>InventoryManagementSystem.Repository.CustomerRepository</FullName>
          <Methods>
            <Method cyclomaticComplexity="1" nPathComplexity="0" sequenceCoverage="0" branchCoverage="100" isConstructor="False" isGetter="False" isSetter="False" isStatic="True">
              <Summary numSequencePoints="4" visitedSequencePoints="0" numBranchPoints="0" visitedBranchPoints="0" sequenceCoverage="0" branchCoverage="100" maxCyclomaticComplexity="1" minCyclomaticComplexity="1" visitedClasses="0" numClasses="0" visitedMethods="0" numMethods="1" />
              <MetadataToken />
              <Name>System.Void InventoryManagementSystem.Repository.CustomerRepository::AddCustomer(InventoryManagementSystem.Models.Customer)</Name>
              <FileRef uid="4" />
              <SequencePoints>
                <SequencePoint vc="0" uspid="23" ordinal="0" sl="23" sc="1" el="23" ec="2" bec="0" bev="0" fileid="4" />
                <SequencePoint vc="0" uspid="24" ordinal="1" sl="24" sc="1" el="24" ec="2" bec="0" bev="0" fileid="4" />
                <SequencePoint vc="0" uspid="25" ordinal="2" sl="25" sc="1" el="25" ec="2" bec="0" bev="0" fileid="4" />
                <SequencePoint vc="0" uspid="26" ordinal="3" sl="26" sc="1" el="26" ec="2" bec="0" bev="0" fileid="4" />
              </SequencePoints>
              <BranchPoints />
              <MethodPoint vc="0" uspid="0" p8:type="SequencePoint" ordinal="0" offset="0" sc="0" sl="23" ec="1" el="26" bec="0" bev="0" fileid="4" xmlns:p8="xsi" />
            </Method>
            <Method cyclomaticComplexity="6" nPathComplexity="0" sequenceCoverage="0" branchCoverage="0" isConstructor="False" isGetter="False" isSetter="False" isStatic="True">
              <Summary numSequencePoints="18" visitedSequencePoints="0" numBranchPoints="6" visitedBranchPoints="0" sequenceCoverage="0" branchCoverage="0" maxCyclomaticComplexity="6" minCyclomaticComplexity="6" visitedClasses="0" numClasses="0" visitedMethods="0" numMethods="1" />
              <MetadataToken />
              <Name>System.Void InventoryManagementSystem.Repository.CustomerRepository::EditCustomer(InventoryManagementSystem.Models.Customer)</Name>
              <FileRef uid="4" />
              <SequencePoints>
                <SequencePoint vc="0" uspid="29" ordinal="0" sl="29" sc="1" el="29" ec="2" bec="0" bev="0" fileid="4" />
                <SequencePoint vc="0" uspid="30" ordinal="1" sl="30" sc="1" el="30" ec="2" bec="0" bev="0" fileid="4" />
                <SequencePoint vc="0" uspid="31" ordinal="2" sl="31" sc="1" el="31" ec="2" bec="2" bev="0" fileid="4" />
                <SequencePoint vc="0" uspid="32" ordinal="3" sl="32" sc="1" el="32" ec="2" bec="0" bev="0" fileid="4" />
                <SequencePoint vc="0" uspid="33" ordinal="4" sl="33" sc="1" el="33" ec="2" bec="2" bev="0" fileid="4" />
                <SequencePoint vc="0" uspid="34" ordinal="5" sl="34" sc="1" el="34" ec="2" bec="0" bev="0" fileid="4" />
                <SequencePoint vc="0" uspid="35" ordinal="6" sl="35" sc="1" el="35" ec="2" bec="0" bev="0" fileid="4" />
                <SequencePoint vc="0" uspid="36" ordinal="7" sl="36" sc="1" el="36" ec="2" bec="0" bev="0" fileid="4" />
                <SequencePoint vc="0" uspid="37" ordinal="8" sl="37" sc="1" el="37" ec="2" bec="0" bev="0" fileid="4" />
                <SequencePoint vc="0" uspid="38" ordinal="9" sl="38" sc="1" el="38" ec="2" bec="0" bev="0" fileid="4" />
                <SequencePoint vc="0" uspid="39" ordinal="10" sl="39" sc="1" el="39" ec="2" bec="0" bev="0" fileid="4" />
                <SequencePoint vc="0" uspid="40" ordinal="11" sl="40" sc="1" el="40" ec="2" bec="2" bev="0" fileid="4" />
                <SequencePoint vc="0" uspid="41" ordinal="12" sl="41" sc="1" el="41" ec="2" bec="0" bev="0" fileid="4" />
                <SequencePoint vc="0" uspid="42" ordinal="13" sl="42" sc="1" el="42" ec="2" bec="0" bev="0" fileid="4" />
                <SequencePoint vc="0" uspid="43" ordinal="14" sl="43" sc="1" el="43" ec="2" bec="0" bev="0" fileid="4" />
                <SequencePoint vc="0" uspid="44" ordinal="15" sl="44" sc="1" el="44" ec="2" bec="0" bev="0" fileid="4" />
                <SequencePoint vc="0" uspid="45" ordinal="16" sl="45" sc="1" el="45" ec="2" bec="0" bev="0" fileid="4" />
                <SequencePoint vc="0" uspid="46" ordinal="17" sl="46" sc="1" el="46" ec="2" bec="0" bev="0" fileid="4" />
              </SequencePoints>
              <BranchPoints>
                <BranchPoint vc="0" uspid="31" ordinal="3" path="1" offset="225" offsetend="160" sl="31" fileid="4" />
                <BranchPoint vc="0" uspid="33" ordinal="0" path="0" offset="194" offsetend="196" sl="33" fileid="4" />
                <BranchPoint vc="0" uspid="33" ordinal="1" path="1" offset="194" offsetend="217" sl="33" fileid="4" />
                <BranchPoint vc="0" uspid="31" ordinal="2" path="0" offset="225" offsetend="227" sl="31" fileid="4" />
                <BranchPoint vc="0" uspid="40" ordinal="5" path="1" offset="351" offsetend="324" sl="40" fileid="4" />
                <BranchPoint vc="0" uspid="40" ordinal="4" path="0" offset="351" offsetend="353" sl="40" fileid="4" />
              </BranchPoints>
              <MethodPoint vc="0" uspid="0" p8:type="SequencePoint" ordinal="1" offset="1" sc="0" sl="29" ec="1" el="46" bec="0" bev="0" fileid="4" xmlns:p8="xsi" />
            </Method>
            <Method cyclomaticComplexity="1" nPathComplexity="0" sequenceCoverage="0" branchCoverage="100" isConstructor="False" isGetter="False" isSetter="False" isStatic="True">
              <Summary numSequencePoints="4" visitedSequencePoints="0" numBranchPoints="0" visitedBranchPoints="0" sequenceCoverage="0" branchCoverage="100" maxCyclomaticComplexity="1" minCyclomaticComplexity="1" visitedClasses="0" numClasses="0" visitedMethods="0" numMethods="1" />
              <MetadataToken />
              <Name>InventoryManagementSystem.Models.Customer InventoryManagementSystem.Repository.CustomerRepository::FindCustomerById(System.Int32)</Name>
              <FileRef uid="4" />
              <SequencePoints>
                <SequencePoint vc="0" uspid="49" ordinal="0" sl="49" sc="1" el="49" ec="2" bec="0" bev="0" fileid="4" />
                <SequencePoint vc="0" uspid="50" ordinal="1" sl="50" sc="1" el="50" ec="2" bec="0" bev="0" fileid="4" />
                <SequencePoint vc="0" uspid="51" ordinal="2" sl="51" sc="1" el="51" ec="2" bec="0" bev="0" fileid="4" />
                <SequencePoint vc="0" uspid="52" ordinal="3" sl="52" sc="1" el="52" ec="2" bec="0" bev="0" fileid="4" />
              </SequencePoints>
              <BranchPoints />
              <MethodPoint vc="0" uspid="0" p8:type="SequencePoint" ordinal="2" offset="2" sc="0" sl="49" ec="1" el="52" bec="0" bev="0" fileid="4" xmlns:p8="xsi" />
            </Method>
            <Method cyclomaticComplexity="1" nPathComplexity="0" sequenceCoverage="0" branchCoverage="100" isConstructor="False" isGetter="False" isSetter="False" isStatic="True">
              <Summary numSequencePoints="3" visitedSequencePoints="0" numBranchPoints="0" visitedBranchPoints="0" sequenceCoverage="0" branchCoverage="100" maxCyclomaticComplexity="1" minCyclomaticComplexity="1" visitedClasses="0" numClasses="0" visitedMethods="0" numMethods="1" />
              <MetadataToken />
              <Name>System.Collections.IEnumerable InventoryManagementSystem.Repository.CustomerRepository::GetCustomerDetails()</Name>
              <FileRef uid="4" />
              <SequencePoints>
                <SequencePoint vc="0" uspid="55" ordinal="0" sl="55" sc="1" el="55" ec="2" bec="0" bev="0" fileid="4" />
                <SequencePoint vc="0" uspid="56" ordinal="1" sl="56" sc="1" el="56" ec="2" bec="0" bev="0" fileid="4" />
                <SequencePoint vc="0" uspid="57" ordinal="2" sl="57" sc="1" el="57" ec="2" bec="0" bev="0" fileid="4" />
              </SequencePoints>
              <BranchPoints />
              <MethodPoint vc="0" uspid="0" p8:type="SequencePoint" ordinal="3" offset="3" sc="0" sl="55" ec="1" el="57" bec="0" bev="0" fileid="4" xmlns:p8="xsi" />
            </Method>
            <Method cyclomaticComplexity="1" nPathComplexity="0" sequenceCoverage="0" branchCoverage="100" isConstructor="False" isGetter="False" isSetter="False" isStatic="True">
              <Summary numSequencePoints="5" visitedSequencePoints="0" numBranchPoints="0" visitedBranchPoints="0" sequenceCoverage="0" branchCoverage="100" maxCyclomaticComplexity="1" minCyclomaticComplexity="1" visitedClasses="0" numClasses="0" visitedMethods="0" numMethods="1" />
              <MetadataToken />
              <Name>System.Void InventoryManagementSystem.Repository.CustomerRepository::RemoveCustomer(System.Int32)</Name>
              <FileRef uid="4" />
              <SequencePoints>
                <SequencePoint vc="0" uspid="60" ordinal="0" sl="60" sc="1" el="60" ec="2" bec="0" bev="0" fileid="4" />
                <SequencePoint vc="0" uspid="61" ordinal="1" sl="61" sc="1" el="61" ec="2" bec="0" bev="0" fileid="4" />
                <SequencePoint vc="0" uspid="62" ordinal="2" sl="62" sc="1" el="62" ec="2" bec="0" bev="0" fileid="4" />
                <SequencePoint vc="0" uspid="63" ordinal="3" sl="63" sc="1" el="63" ec="2" bec="0" bev="0" fileid="4" />
                <SequencePoint vc="0" uspid="64" ordinal="4" sl="64" sc="1" el="64" ec="2" bec="0" bev="0" fileid="4" />
              </SequencePoints>
              <BranchPoints />
              <MethodPoint vc="0" uspid="0" p8:type="SequencePoint" ordinal="4" offset="4" sc="0" sl="60" ec="1" el="64" bec="0" bev="0" fileid="4" xmlns:p8="xsi" />
            </Method>
            <Method cyclomaticComplexity="1" nPathComplexity="0" sequenceCoverage="0" branchCoverage="100" isConstructor="True" isGetter="False" isSetter="False" isStatic="True">
              <Summary numSequencePoints="4" visitedSequencePoints="0" numBranchPoints="0" visitedBranchPoints="0" sequenceCoverage="0" branchCoverage="100" maxCyclomaticComplexity="1" minCyclomaticComplexity="1" visitedClasses="0" numClasses="0" visitedMethods="0" numMethods="1" />
              <MetadataToken />
              <Name>System.Void InventoryManagementSystem.Repository.CustomerRepository::.ctor(InventoryManagementSystem.Data.CustomerDbContext)</Name>
              <FileRef uid="4" />
              <SequencePoints>
                <SequencePoint vc="0" uspid="18" ordinal="0" sl="18" sc="1" el="18" ec="2" bec="0" bev="0" fileid="4" />
                <SequencePoint vc="0" uspid="19" ordinal="1" sl="19" sc="1" el="19" ec="2" bec="0" bev="0" fileid="4" />
                <SequencePoint vc="0" uspid="20" ordinal="2" sl="20" sc="1" el="20" ec="2" bec="0" bev="0" fileid="4" />
                <SequencePoint vc="0" uspid="21" ordinal="3" sl="21" sc="1" el="21" ec="2" bec="0" bev="0" fileid="4" />
              </SequencePoints>
              <BranchPoints />
              <MethodPoint vc="0" uspid="0" p8:type="SequencePoint" ordinal="5" offset="5" sc="0" sl="18" ec="1" el="21" bec="0" bev="0" fileid="4" xmlns:p8="xsi" />
            </Method>
          </Methods>
        </Class>
        <Class>
          <Summary numSequencePoints="10" visitedSequencePoints="0" numBranchPoints="0" visitedBranchPoints="0" sequenceCoverage="0" branchCoverage="100" maxCyclomaticComplexity="1" minCyclomaticComplexity="1" visitedClasses="0" numClasses="1" visitedMethods="0" numMethods="10" />
          <FullName>InventoryManagementSystem.Models.Customer</FullName>
          <Methods>
            <Method cyclomaticComplexity="1" nPathComplexity="0" sequenceCoverage="0" branchCoverage="100" isConstructor="False" isGetter="True" isSetter="False" isStatic="True">
              <Summary numSequencePoints="1" visitedSequencePoints="0" numBranchPoints="0" visitedBranchPoints="0" sequenceCoverage="0" branchCoverage="100" maxCyclomaticComplexity="1" minCyclomaticComplexity="1" visitedClasses="0" numClasses="0" visitedMethods="0" numMethods="1" />
              <MetadataToken />
              <Name>System.Int32 InventoryManagementSystem.Models.Customer::get_CustomerId()</Name>
              <FileRef uid="5" />
              <SequencePoints>
                <SequencePoint vc="0" uspid="11" ordinal="0" sl="11" sc="1" el="11" ec="2" bec="0" bev="0" fileid="5" />
              </SequencePoints>
              <BranchPoints />
              <MethodPoint vc="0" uspid="0" p8:type="SequencePoint" ordinal="0" offset="0" sc="0" sl="11" ec="1" el="11" bec="0" bev="0" fileid="5" xmlns:p8="xsi" />
            </Method>
            <Method cyclomaticComplexity="1" nPathComplexity="0" sequenceCoverage="0" branchCoverage="100" isConstructor="False" isGetter="True" isSetter="False" isStatic="True">
              <Summary numSequencePoints="1" visitedSequencePoints="0" numBranchPoints="0" visitedBranchPoints="0" sequenceCoverage="0" branchCoverage="100" maxCyclomaticComplexity="1" minCyclomaticComplexity="1" visitedClasses="0" numClasses="0" visitedMethods="0" numMethods="1" />
              <MetadataToken />
              <Name>System.String InventoryManagementSystem.Models.Customer::get_CustomerName()</Name>
              <FileRef uid="5" />
              <SequencePoints>
                <SequencePoint vc="0" uspid="13" ordinal="0" sl="13" sc="1" el="13" ec="2" bec="0" bev="0" fileid="5" />
              </SequencePoints>
              <BranchPoints />
              <MethodPoint vc="0" uspid="0" p8:type="SequencePoint" ordinal="1" offset="1" sc="0" sl="13" ec="1" el="13" bec="0" bev="0" fileid="5" xmlns:p8="xsi" />
            </Method>
            <Method cyclomaticComplexity="1" nPathComplexity="0" sequenceCoverage="0" branchCoverage="100" isConstructor="False" isGetter="True" isSetter="False" isStatic="True">
              <Summary numSequencePoints="1" visitedSequencePoints="0" numBranchPoints="0" visitedBranchPoints="0" sequenceCoverage="0" branchCoverage="100" maxCyclomaticComplexity="1" minCyclomaticComplexity="1" visitedClasses="0" numClasses="0" visitedMethods="0" numMethods="1" />
              <MetadataToken />
              <Name>System.Int32 InventoryManagementSystem.Models.Customer::get_CustomerTypeId()</Name>
              <FileRef uid="5" />
              <SequencePoints>
                <SequencePoint vc="0" uspid="15" ordinal="0" sl="15" sc="1" el="15" ec="2" bec="0" bev="0" fileid="5" />
              </SequencePoints>
              <BranchPoints />
              <MethodPoint vc="0" uspid="0" p8:type="SequencePoint" ordinal="2" offset="2" sc="0" sl="15" ec="1" el="15" bec="0" bev="0" fileid="5" xmlns:p8="xsi" />
            </Method>
            <Method cyclomaticComplexity="1" nPathComplexity="0" sequenceCoverage="0" branchCoverage="100" isConstructor="False" isGetter="True" isSetter="False" isStatic="True">
              <Summary numSequencePoints="1" visitedSequencePoints="0" numBranchPoints="0" visitedBranchPoints="0" sequenceCoverage="0" branchCoverage="100" maxCyclomaticComplexity="1" minCyclomaticComplexity="1" visitedClasses="0" numClasses="0" visitedMethods="0" numMethods="1" />
              <MetadataToken />
              <Name>System.String InventoryManagementSystem.Models.Customer::get_Address()</Name>
              <FileRef uid="5" />
              <SequencePoints>
                <SequencePoint vc="0" uspid="17" ordinal="0" sl="17" sc="1" el="17" ec="2" bec="0" bev="0" fileid="5" />
              </SequencePoints>
              <BranchPoints />
              <MethodPoint vc="0" uspid="0" p8:type="SequencePoint" ordinal="3" offset="3" sc="0" sl="17" ec="1" el="17" bec="0" bev="0" fileid="5" xmlns:p8="xsi" />
            </Method>
            <Method cyclomaticComplexity="1" nPathComplexity="0" sequenceCoverage="0" branchCoverage="100" isConstructor="False" isGetter="True" isSetter="False" isStatic="True">
              <Summary numSequencePoints="1" visitedSequencePoints="0" numBranchPoints="0" visitedBranchPoints="0" sequenceCoverage="0" branchCoverage="100" maxCyclomaticComplexity="1" minCyclomaticComplexity="1" visitedClasses="0" numClasses="0" visitedMethods="0" numMethods="1" />
              <MetadataToken />
              <Name>System.String InventoryManagementSystem.Models.Customer::get_City()</Name>
              <FileRef uid="5" />
              <SequencePoints>
                <SequencePoint vc="0" uspid="18" ordinal="0" sl="18" sc="1" el="18" ec="2" bec="0" bev="0" fileid="5" />
              </SequencePoints>
              <BranchPoints />
              <MethodPoint vc="0" uspid="0" p8:type="SequencePoint" ordinal="4" offset="4" sc="0" sl="18" ec="1" el="18" bec="0" bev="0" fileid="5" xmlns:p8="xsi" />
            </Method>
            <Method cyclomaticComplexity="1" nPathComplexity="0" sequenceCoverage="0" branchCoverage="100" isConstructor="False" isGetter="True" isSetter="False" isStatic="True">
              <Summary numSequencePoints="1" visitedSequencePoints="0" numBranchPoints="0" visitedBranchPoints="0" sequenceCoverage="0" branchCoverage="100" maxCyclomaticComplexity="1" minCyclomaticComplexity="1" visitedClasses="0" numClasses="0" visitedMethods="0" numMethods="1" />
              <MetadataToken />
              <Name>System.String InventoryManagementSystem.Models.Customer::get_State()</Name>
              <FileRef uid="5" />
              <SequencePoints>
                <SequencePoint vc="0" uspid="19" ordinal="0" sl="19" sc="1" el="19" ec="2" bec="0" bev="0" fileid="5" />
              </SequencePoints>
              <BranchPoints />
              <MethodPoint vc="0" uspid="0" p8:type="SequencePoint" ordinal="5" offset="5" sc="0" sl="19" ec="1" el="19" bec="0" bev="0" fileid="5" xmlns:p8="xsi" />
            </Method>
            <Method cyclomaticComplexity="1" nPathComplexity="0" sequenceCoverage="0" branchCoverage="100" isConstructor="False" isGetter="True" isSetter="False" isStatic="True">
              <Summary numSequencePoints="1" visitedSequencePoints="0" numBranchPoints="0" visitedBranchPoints="0" sequenceCoverage="0" branchCoverage="100" maxCyclomaticComplexity="1" minCyclomaticComplexity="1" visitedClasses="0" numClasses="0" visitedMethods="0" numMethods="1" />
              <MetadataToken />
              <Name>System.String InventoryManagementSystem.Models.Customer::get_Zipcode()</Name>
              <FileRef uid="5" />
              <SequencePoints>
                <SequencePoint vc="0" uspid="21" ordinal="0" sl="21" sc="1" el="21" ec="2" bec="0" bev="0" fileid="5" />
              </SequencePoints>
              <BranchPoints />
              <MethodPoint vc="0" uspid="0" p8:type="SequencePoint" ordinal="6" offset="6" sc="0" sl="21" ec="1" el="21" bec="0" bev="0" fileid="5" xmlns:p8="xsi" />
            </Method>
            <Method cyclomaticComplexity="1" nPathComplexity="0" sequenceCoverage="0" branchCoverage="100" isConstructor="False" isGetter="True" isSetter="False" isStatic="True">
              <Summary numSequencePoints="1" visitedSequencePoints="0" numBranchPoints="0" visitedBranchPoints="0" sequenceCoverage="0" branchCoverage="100" maxCyclomaticComplexity="1" minCyclomaticComplexity="1" visitedClasses="0" numClasses="0" visitedMethods="0" numMethods="1" />
              <MetadataToken />
              <Name>System.String InventoryManagementSystem.Models.Customer::get_Phone()</Name>
              <FileRef uid="5" />
              <SequencePoints>
                <SequencePoint vc="0" uspid="22" ordinal="0" sl="22" sc="1" el="22" ec="2" bec="0" bev="0" fileid="5" />
              </SequencePoints>
              <BranchPoints />
              <MethodPoint vc="0" uspid="0" p8:type="SequencePoint" ordinal="7" offset="7" sc="0" sl="22" ec="1" el="22" bec="0" bev="0" fileid="5" xmlns:p8="xsi" />
            </Method>
            <Method cyclomaticComplexity="1" nPathComplexity="0" sequenceCoverage="0" branchCoverage="100" isConstructor="False" isGetter="True" isSetter="False" isStatic="True">
              <Summary numSequencePoints="1" visitedSequencePoints="0" numBranchPoints="0" visitedBranchPoints="0" sequenceCoverage="0" branchCoverage="100" maxCyclomaticComplexity="1" minCyclomaticComplexity="1" visitedClasses="0" numClasses="0" visitedMethods="0" numMethods="1" />
              <MetadataToken />
              <Name>System.String InventoryManagementSystem.Models.Customer::get_Email()</Name>
              <FileRef uid="5" />
              <SequencePoints>
                <SequencePoint vc="0" uspid="23" ordinal="0" sl="23" sc="1" el="23" ec="2" bec="0" bev="0" fileid="5" />
              </SequencePoints>
              <BranchPoints />
              <MethodPoint vc="0" uspid="0" p8:type="SequencePoint" ordinal="8" offset="8" sc="0" sl="23" ec="1" el="23" bec="0" bev="0" fileid="5" xmlns:p8="xsi" />
            </Method>
            <Method cyclomaticComplexity="1" nPathComplexity="0" sequenceCoverage="0" branchCoverage="100" isConstructor="False" isGetter="True" isSetter="False" isStatic="True">
              <Summary numSequencePoints="1" visitedSequencePoints="0" numBranchPoints="0" visitedBranchPoints="0" sequenceCoverage="0" branchCoverage="100" maxCyclomaticComplexity="1" minCyclomaticComplexity="1" visitedClasses="0" numClasses="0" visitedMethods="0" numMethods="1" />
              <MetadataToken />
              <Name>System.String InventoryManagementSystem.Models.Customer::get_ContactPerson()</Name>
              <FileRef uid="5" />
              <SequencePoints>
                <SequencePoint vc="0" uspid="25" ordinal="0" sl="25" sc="1" el="25" ec="2" bec="0" bev="0" fileid="5" />
              </SequencePoints>
              <BranchPoints />
              <MethodPoint vc="0" uspid="0" p8:type="SequencePoint" ordinal="9" offset="9" sc="0" sl="25" ec="1" el="25" bec="0" bev="0" fileid="5" xmlns:p8="xsi" />
            </Method>
          </Methods>
        </Class>
        <Class>
          <Summary numSequencePoints="1" visitedSequencePoints="0" numBranchPoints="0" visitedBranchPoints="0" sequenceCoverage="0" branchCoverage="100" maxCyclomaticComplexity="1" minCyclomaticComplexity="1" visitedClasses="0" numClasses="1" visitedMethods="0" numMethods="1" />
          <FullName>InventoryManagementSystem.Models.CustomerList</FullName>
          <Methods>
            <Method cyclomaticComplexity="1" nPathComplexity="0" sequenceCoverage="0" branchCoverage="100" isConstructor="False" isGetter="True" isSetter="False" isStatic="True">
              <Summary numSequencePoints="1" visitedSequencePoints="0" numBranchPoints="0" visitedBranchPoints="0" sequenceCoverage="0" branchCoverage="100" maxCyclomaticComplexity="1" minCyclomaticComplexity="1" visitedClasses="0" numClasses="0" visitedMethods="0" numMethods="1" />
              <MetadataToken />
              <Name>System.Collections.Generic.ICollection`1&lt;InventoryManagementSystem.Models.Customer&gt; InventoryManagementSystem.Models.CustomerList::get_CustomerDetails()</Name>
              <FileRef uid="5" />
              <SequencePoints>
                <SequencePoint vc="0" uspid="31" ordinal="0" sl="31" sc="1" el="31" ec="2" bec="0" bev="0" fileid="5" />
              </SequencePoints>
              <BranchPoints />
              <MethodPoint vc="0" uspid="0" p8:type="SequencePoint" ordinal="0" offset="0" sc="0" sl="31" ec="1" el="31" bec="0" bev="0" fileid="5" xmlns:p8="xsi" />
            </Method>
          </Methods>
        </Class>
        <Class>
          <Summary numSequencePoints="3" visitedSequencePoints="0" numBranchPoints="0" visitedBranchPoints="0" sequenceCoverage="0" branchCoverage="100" maxCyclomaticComplexity="1" minCyclomaticComplexity="1" visitedClasses="0" numClasses="1" visitedMethods="0" numMethods="3" />
          <FullName>InventoryManagementSystem.Models.User</FullName>
          <Methods>
            <Method cyclomaticComplexity="1" nPathComplexity="0" sequenceCoverage="0" branchCoverage="100" isConstructor="False" isGetter="True" isSetter="False" isStatic="True">
              <Summary numSequencePoints="1" visitedSequencePoints="0" numBranchPoints="0" visitedBranchPoints="0" sequenceCoverage="0" branchCoverage="100" maxCyclomaticComplexity="1" minCyclomaticComplexity="1" visitedClasses="0" numClasses="0" visitedMethods="0" numMethods="1" />
              <MetadataToken />
              <Name>System.Int32 InventoryManagementSystem.Models.User::get_Id()</Name>
              <FileRef uid="6" />
              <SequencePoints>
                <SequencePoint vc="0" uspid="12" ordinal="0" sl="12" sc="1" el="12" ec="2" bec="0" bev="0" fileid="6" />
              </SequencePoints>
              <BranchPoints />
              <MethodPoint vc="0" uspid="0" p8:type="SequencePoint" ordinal="0" offset="0" sc="0" sl="12" ec="1" el="12" bec="0" bev="0" fileid="6" xmlns:p8="xsi" />
            </Method>
            <Method cyclomaticComplexity="1" nPathComplexity="0" sequenceCoverage="0" branchCoverage="100" isConstructor="False" isGetter="True" isSetter="False" isStatic="True">
              <Summary numSequencePoints="1" visitedSequencePoints="0" numBranchPoints="0" visitedBranchPoints="0" sequenceCoverage="0" branchCoverage="100" maxCyclomaticComplexity="1" minCyclomaticComplexity="1" visitedClasses="0" numClasses="0" visitedMethods="0" numMethods="1" />
              <MetadataToken />
              <Name>System.String InventoryManagementSystem.Models.User::get_Name()</Name>
              <FileRef uid="6" />
              <SequencePoints>
                <SequencePoint vc="0" uspid="14" ordinal="0" sl="14" sc="1" el="14" ec="2" bec="0" bev="0" fileid="6" />
              </SequencePoints>
              <BranchPoints />
              <MethodPoint vc="0" uspid="0" p8:type="SequencePoint" ordinal="1" offset="1" sc="0" sl="14" ec="1" el="14" bec="0" bev="0" fileid="6" xmlns:p8="xsi" />
            </Method>
            <Method cyclomaticComplexity="1" nPathComplexity="0" sequenceCoverage="0" branchCoverage="100" isConstructor="False" isGetter="True" isSetter="False" isStatic="True">
              <Summary numSequencePoints="1" visitedSequencePoints="0" numBranchPoints="0" visitedBranchPoints="0" sequenceCoverage="0" branchCoverage="100" maxCyclomaticComplexity="1" minCyclomaticComplexity="1" visitedClasses="0" numClasses="0" visitedMethods="0" numMethods="1" />
              <MetadataToken />
              <Name>System.String InventoryManagementSystem.Models.User::get_Password()</Name>
              <FileRef uid="6" />
              <SequencePoints>
                <SequencePoint vc="0" uspid="16" ordinal="0" sl="16" sc="1" el="16" ec="2" bec="0" bev="0" fileid="6" />
              </SequencePoints>
              <BranchPoints />
              <MethodPoint vc="0" uspid="0" p8:type="SequencePoint" ordinal="2" offset="2" sc="0" sl="16" ec="1" el="16" bec="0" bev="0" fileid="6" xmlns:p8="xsi" />
            </Method>
          </Methods>
        </Class>
        <Class>
          <Summary numSequencePoints="5" visitedSequencePoints="0" numBranchPoints="0" visitedBranchPoints="0" sequenceCoverage="0" branchCoverage="100" maxCyclomaticComplexity="1" minCyclomaticComplexity="1" visitedClasses="0" numClasses="1" visitedMethods="0" numMethods="3" />
          <FullName>InventoryManagementSystem.Data.CustomerDbContext</FullName>
          <Methods>
            <Method cyclomaticComplexity="1" nPathComplexity="0" sequenceCoverage="0" branchCoverage="100" isConstructor="False" isGetter="True" isSetter="False" isStatic="True">
              <Summary numSequencePoints="1" visitedSequencePoints="0" numBranchPoints="0" visitedBranchPoints="0" sequenceCoverage="0" branchCoverage="100" maxCyclomaticComplexity="1" minCyclomaticComplexity="1" visitedClasses="0" numClasses="0" visitedMethods="0" numMethods="1" />
              <MetadataToken />
              <Name>Microsoft.EntityFrameworkCore.DbSet`1&lt;InventoryManagementSystem.Models.Customer&gt; InventoryManagementSystem.Data.CustomerDbContext::get_Customers()</Name>
              <FileRef uid="7" />
              <SequencePoints>
                <SequencePoint vc="0" uspid="12" ordinal="0" sl="12" sc="1" el="12" ec="2" bec="0" bev="0" fileid="7" />
              </SequencePoints>
              <BranchPoints />
              <MethodPoint vc="0" uspid="0" p8:type="SequencePoint" ordinal="0" offset="0" sc="0" sl="12" ec="1" el="12" bec="0" bev="0" fileid="7" xmlns:p8="xsi" />
            </Method>
            <Method cyclomaticComplexity="1" nPathComplexity="0" sequenceCoverage="0" branchCoverage="100" isConstructor="False" isGetter="True" isSetter="False" isStatic="True">
              <Summary numSequencePoints="1" visitedSequencePoints="0" numBranchPoints="0" visitedBranchPoints="0" sequenceCoverage="0" branchCoverage="100" maxCyclomaticComplexity="1" minCyclomaticComplexity="1" visitedClasses="0" numClasses="0" visitedMethods="0" numMethods="1" />
              <MetadataToken />
              <Name>Microsoft.EntityFrameworkCore.DbSet`1&lt;InventoryManagementSystem.Models.User&gt; InventoryManagementSystem.Data.CustomerDbContext::get_Users()</Name>
              <FileRef uid="7" />
              <SequencePoints>
                <SequencePoint vc="0" uspid="13" ordinal="0" sl="13" sc="1" el="13" ec="2" bec="0" bev="0" fileid="7" />
              </SequencePoints>
              <BranchPoints />
              <MethodPoint vc="0" uspid="0" p8:type="SequencePoint" ordinal="1" offset="1" sc="0" sl="13" ec="1" el="13" bec="0" bev="0" fileid="7" xmlns:p8="xsi" />
            </Method>
            <Method cyclomaticComplexity="1" nPathComplexity="0" sequenceCoverage="0" branchCoverage="100" isConstructor="True" isGetter="False" isSetter="False" isStatic="True">
              <Summary numSequencePoints="3" visitedSequencePoints="0" numBranchPoints="0" visitedBranchPoints="0" sequenceCoverage="0" branchCoverage="100" maxCyclomaticComplexity="1" minCyclomaticComplexity="1" visitedClasses="0" numClasses="0" visitedMethods="0" numMethods="1" />
              <MetadataToken />
              <Name>System.Void InventoryManagementSystem.Data.CustomerDbContext::.ctor(Microsoft.EntityFrameworkCore.DbContextOptions`1&lt;InventoryManagementSystem.Data.CustomerDbContext&gt;)</Name>
              <FileRef uid="7" />
              <SequencePoints>
                <SequencePoint vc="0" uspid="14" ordinal="0" sl="14" sc="1" el="14" ec="2" bec="0" bev="0" fileid="7" />
                <SequencePoint vc="0" uspid="15" ordinal="1" sl="15" sc="1" el="15" ec="2" bec="0" bev="0" fileid="7" />
                <SequencePoint vc="0" uspid="17" ordinal="2" sl="17" sc="1" el="17" ec="2" bec="0" bev="0" fileid="7" />
              </SequencePoints>
              <BranchPoints />
              <MethodPoint vc="0" uspid="0" p8:type="SequencePoint" ordinal="2" offset="2" sc="0" sl="14" ec="1" el="17" bec="0" bev="0" fileid="7" xmlns:p8="xsi" />
            </Method>
          </Methods>
        </Class>
        <Class>
          <Summary numSequencePoints="25" visitedSequencePoints="0" numBranchPoints="4" visitedBranchPoints="0" sequenceCoverage="0" branchCoverage="0" maxCyclomaticComplexity="4" minCyclomaticComplexity="1" visitedClasses="0" numClasses="1" visitedMethods="0" numMethods="5" />
          <FullName>InventoryManagementSystem.Controllers.AuthController</FullName>
          <Methods>
            <Method cyclomaticComplexity="1" nPathComplexity="0" sequenceCoverage="0" branchCoverage="100" isConstructor="False" isGetter="False" isSetter="False" isStatic="True">
              <Summary numSequencePoints="3" visitedSequencePoints="0" numBranchPoints="0" visitedBranchPoints="0" sequenceCoverage="0" branchCoverage="100" maxCyclomaticComplexity="1" minCyclomaticComplexity="1" visitedClasses="0" numClasses="0" visitedMethods="0" numMethods="1" />
              <MetadataToken />
              <Name>Microsoft.AspNetCore.Mvc.IActionResult InventoryManagementSystem.Controllers.AuthController::GetUser()</Name>
              <FileRef uid="8" />
              <SequencePoints>
                <SequencePoint vc="0" uspid="34" ordinal="0" sl="34" sc="1" el="34" ec="2" bec="0" bev="0" fileid="8" />
                <SequencePoint vc="0" uspid="35" ordinal="1" sl="35" sc="1" el="35" ec="2" bec="0" bev="0" fileid="8" />
                <SequencePoint vc="0" uspid="36" ordinal="2" sl="36" sc="1" el="36" ec="2" bec="0" bev="0" fileid="8" />
              </SequencePoints>
              <BranchPoints />
              <MethodPoint vc="0" uspid="0" p8:type="SequencePoint" ordinal="0" offset="0" sc="0" sl="34" ec="1" el="36" bec="0" bev="0" fileid="8" xmlns:p8="xsi" />
            </Method>
            <Method cyclomaticComplexity="4" nPathComplexity="0" sequenceCoverage="0" branchCoverage="0" isConstructor="False" isGetter="False" isSetter="False" isStatic="True">
              <Summary numSequencePoints="10" visitedSequencePoints="0" numBranchPoints="4" visitedBranchPoints="0" sequenceCoverage="0" branchCoverage="0" maxCyclomaticComplexity="4" minCyclomaticComplexity="4" visitedClasses="0" numClasses="0" visitedMethods="0" numMethods="1" />
              <MetadataToken />
              <Name>Microsoft.AspNetCore.Mvc.IActionResult InventoryManagementSystem.Controllers.AuthController::Authenticate(InventoryManagementSystem.Models.User)</Name>
              <FileRef uid="8" />
              <SequencePoints>
                <SequencePoint vc="0" uspid="55" ordinal="0" sl="55" sc="1" el="55" ec="2" bec="0" bev="0" fileid="8" />
                <SequencePoint vc="0" uspid="56" ordinal="1" sl="56" sc="1" el="56" ec="2" bec="2" bev="0" fileid="8" />
                <SequencePoint vc="0" uspid="57" ordinal="2" sl="57" sc="1" el="57" ec="2" bec="0" bev="0" fileid="8" />
                <SequencePoint vc="0" uspid="58" ordinal="3" sl="58" sc="1" el="58" ec="2" bec="0" bev="0" fileid="8" />
                <SequencePoint vc="0" uspid="60" ordinal="4" sl="60" sc="1" el="60" ec="2" bec="0" bev="0" fileid="8" />
                <SequencePoint vc="0" uspid="61" ordinal="5" sl="61" sc="1" el="61" ec="2" bec="2" bev="0" fileid="8" />
                <SequencePoint vc="0" uspid="62" ordinal="6" sl="62" sc="1" el="62" ec="2" bec="0" bev="0" fileid="8" />
                <SequencePoint vc="0" uspid="63" ordinal="7" sl="63" sc="1" el="63" ec="2" bec="0" bev="0" fileid="8" />
                <SequencePoint vc="0" uspid="65" ordinal="8" sl="65" sc="1" el="65" ec="2" bec="0" bev="0" fileid="8" />
                <SequencePoint vc="0" uspid="66" ordinal="9" sl="66" sc="1" el="66" ec="2" bec="0" bev="0" fileid="8" />
              </SequencePoints>
              <BranchPoints>
                <BranchPoint vc="0" uspid="56" ordinal="0" path="0" offset="230" offsetend="232" sl="56" fileid="8" />
                <BranchPoint vc="0" uspid="56" ordinal="1" path="1" offset="230" offsetend="243" sl="56" fileid="8" />
                <BranchPoint vc="0" uspid="61" ordinal="2" path="0" offset="285" offsetend="287" sl="61" fileid="8" />
                <BranchPoint vc="0" uspid="61" ordinal="3" path="1" offset="285" offsetend="298" sl="61" fileid="8" />
              </BranchPoints>
              <MethodPoint vc="0" uspid="0" p8:type="SequencePoint" ordinal="1" offset="1" sc="0" sl="55" ec="1" el="66" bec="0" bev="0" fileid="8" xmlns:p8="xsi" />
            </Method>
            <Method cyclomaticComplexity="1" nPathComplexity="0" sequenceCoverage="0" branchCoverage="100" isConstructor="False" isGetter="False" isSetter="False" isStatic="True">
              <Summary numSequencePoints="4" visitedSequencePoints="0" numBranchPoints="0" visitedBranchPoints="0" sequenceCoverage="0" branchCoverage="100" maxCyclomaticComplexity="1" minCyclomaticComplexity="1" visitedClasses="0" numClasses="0" visitedMethods="0" numMethods="1" />
              <MetadataToken />
              <Name>System.Void InventoryManagementSystem.Controllers.AuthController::postUser(InventoryManagementSystem.Models.User)</Name>
              <FileRef uid="8" />
              <SequencePoints>
                <SequencePoint vc="0" uspid="70" ordinal="0" sl="70" sc="1" el="70" ec="2" bec="0" bev="0" fileid="8" />
                <SequencePoint vc="0" uspid="71" ordinal="1" sl="71" sc="1" el="71" ec="2" bec="0" bev="0" fileid="8" />
                <SequencePoint vc="0" uspid="72" ordinal="2" sl="72" sc="1" el="72" ec="2" bec="0" bev="0" fileid="8" />
                <SequencePoint vc="0" uspid="73" ordinal="3" sl="73" sc="1" el="73" ec="2" bec="0" bev="0" fileid="8" />
              </SequencePoints>
              <BranchPoints />
              <MethodPoint vc="0" uspid="0" p8:type="SequencePoint" ordinal="2" offset="2" sc="0" sl="70" ec="1" el="73" bec="0" bev="0" fileid="8" xmlns:p8="xsi" />
            </Method>
            <Method cyclomaticComplexity="1" nPathComplexity="0" sequenceCoverage="0" branchCoverage="100" isConstructor="False" isGetter="False" isSetter="False" isStatic="True">
              <Summary numSequencePoints="3" visitedSequencePoints="0" numBranchPoints="0" visitedBranchPoints="0" sequenceCoverage="0" branchCoverage="100" maxCyclomaticComplexity="1" minCyclomaticComplexity="1" visitedClasses="0" numClasses="0" visitedMethods="0" numMethods="1" />
              <MetadataToken />
              <Name>System.Boolean InventoryManagementSystem.Controllers.AuthController::UserExists(System.Int32)</Name>
              <FileRef uid="8" />
              <SequencePoints>
                <SequencePoint vc="0" uspid="103" ordinal="0" sl="103" sc="1" el="103" ec="2" bec="0" bev="0" fileid="8" />
                <SequencePoint vc="0" uspid="104" ordinal="1" sl="104" sc="1" el="104" ec="2" bec="0" bev="0" fileid="8" />
                <SequencePoint vc="0" uspid="105" ordinal="2" sl="105" sc="1" el="105" ec="2" bec="0" bev="0" fileid="8" />
              </SequencePoints>
              <BranchPoints />
              <MethodPoint vc="0" uspid="0" p8:type="SequencePoint" ordinal="3" offset="3" sc="0" sl="103" ec="1" el="105" bec="0" bev="0" fileid="8" xmlns:p8="xsi" />
            </Method>
            <Method cyclomaticComplexity="1" nPathComplexity="0" sequenceCoverage="0" branchCoverage="100" isConstructor="True" isGetter="False" isSetter="False" isStatic="True">
              <Summary numSequencePoints="5" visitedSequencePoints="0" numBranchPoints="0" visitedBranchPoints="0" sequenceCoverage="0" branchCoverage="100" maxCyclomaticComplexity="1" minCyclomaticComplexity="1" visitedClasses="0" numClasses="0" visitedMethods="0" numMethods="1" />
              <MetadataToken />
              <Name>System.Void InventoryManagementSystem.Controllers.AuthController::.ctor(InventoryManagementSystem.Data.CustomerDbContext,InventoryManagementSystem.Authentication.Interface.IAuthIMS)</Name>
              <FileRef uid="8" />
              <SequencePoints>
                <SequencePoint vc="0" uspid="26" ordinal="0" sl="26" sc="1" el="26" ec="2" bec="0" bev="0" fileid="8" />
                <SequencePoint vc="0" uspid="27" ordinal="1" sl="27" sc="1" el="27" ec="2" bec="0" bev="0" fileid="8" />
                <SequencePoint vc="0" uspid="28" ordinal="2" sl="28" sc="1" el="28" ec="2" bec="0" bev="0" fileid="8" />
                <SequencePoint vc="0" uspid="29" ordinal="3" sl="29" sc="1" el="29" ec="2" bec="0" bev="0" fileid="8" />
                <SequencePoint vc="0" uspid="30" ordinal="4" sl="30" sc="1" el="30" ec="2" bec="0" bev="0" fileid="8" />
              </SequencePoints>
              <BranchPoints />
              <MethodPoint vc="0" uspid="0" p8:type="SequencePoint" ordinal="4" offset="4" sc="0" sl="26" ec="1" el="30" bec="0" bev="0" fileid="8" xmlns:p8="xsi" />
            </Method>
          </Methods>
        </Class>
        <Class>
          <Summary numSequencePoints="8" visitedSequencePoints="0" numBranchPoints="4" visitedBranchPoints="0" sequenceCoverage="0" branchCoverage="0" maxCyclomaticComplexity="4" minCyclomaticComplexity="4" visitedClasses="0" numClasses="1" visitedMethods="0" numMethods="1" />
          <FullName>InventoryManagementSystem.Controllers.AuthController/&lt;GetUser&gt;d__4</FullName>
          <Methods>
            <Method cyclomaticComplexity="4" nPathComplexity="0" sequenceCoverage="0" branchCoverage="0" isConstructor="False" isGetter="False" isSetter="False" isStatic="True">
              <Summary numSequencePoints="8" visitedSequencePoints="0" numBranchPoints="4" visitedBranchPoints="0" sequenceCoverage="0" branchCoverage="0" maxCyclomaticComplexity="4" minCyclomaticComplexity="4" visitedClasses="0" numClasses="0" visitedMethods="0" numMethods="1" />
              <MetadataToken />
              <Name>System.Void InventoryManagementSystem.Controllers.AuthController/&lt;GetUser&gt;d__4::MoveNext()</Name>
              <FileRef uid="8" />
              <SequencePoints>
                <SequencePoint vc="0" uspid="41" ordinal="0" sl="41" sc="1" el="41" ec="2" bec="0" bev="0" fileid="8" />
                <SequencePoint vc="0" uspid="42" ordinal="1" sl="42" sc="1" el="42" ec="2" bec="2" bev="0" fileid="8" />
                <SequencePoint vc="0" uspid="43" ordinal="2" sl="43" sc="1" el="43" ec="2" bec="2" bev="0" fileid="8" />
                <SequencePoint vc="0" uspid="44" ordinal="3" sl="44" sc="1" el="44" ec="2" bec="0" bev="0" fileid="8" />
                <SequencePoint vc="0" uspid="45" ordinal="4" sl="45" sc="1" el="45" ec="2" bec="0" bev="0" fileid="8" />
                <SequencePoint vc="0" uspid="47" ordinal="5" sl="47" sc="1" el="47" ec="2" bec="0" bev="0" fileid="8" />
                <SequencePoint vc="0" uspid="48" ordinal="6" sl="48" sc="1" el="48" ec="2" bec="0" bev="0" fileid="8" />
                <SequencePoint vc="0" uspid="49" ordinal="7" sl="49" sc="1" el="49" ec="2" bec="0" bev="0" fileid="8" />
              </SequencePoints>
              <BranchPoints>
                <BranchPoint vc="0" uspid="42" ordinal="0" path="0" offset="72" offsetend="74" sl="42" fileid="8" />
                <BranchPoint vc="0" uspid="42" ordinal="1" path="1" offset="72" offsetend="142" sl="42" fileid="8" />
                <BranchPoint vc="0" uspid="43" ordinal="2" path="0" offset="187" offsetend="189" sl="43" fileid="8" />
                <BranchPoint vc="0" uspid="43" ordinal="3" path="1" offset="187" offsetend="209" sl="43" fileid="8" />
              </BranchPoints>
              <MethodPoint vc="0" uspid="0" p8:type="SequencePoint" ordinal="0" offset="0" sc="0" sl="41" ec="1" el="49" bec="0" bev="0" fileid="8" xmlns:p8="xsi" />
            </Method>
          </Methods>
        </Class>
        <Class>
          <Summary numSequencePoints="17" visitedSequencePoints="0" numBranchPoints="4" visitedBranchPoints="0" sequenceCoverage="0" branchCoverage="0" maxCyclomaticComplexity="4" minCyclomaticComplexity="4" visitedClasses="0" numClasses="1" visitedMethods="0" numMethods="1" />
          <FullName>InventoryManagementSystem.Controllers.AuthController/&lt;PutUser&gt;d__7</FullName>
          <Methods>
            <Method cyclomaticComplexity="4" nPathComplexity="0" sequenceCoverage="0" branchCoverage="0" isConstructor="False" isGetter="False" isSetter="False" isStatic="True">
              <Summary numSequencePoints="17" visitedSequencePoints="0" numBranchPoints="4" visitedBranchPoints="0" sequenceCoverage="0" branchCoverage="0" maxCyclomaticComplexity="4" minCyclomaticComplexity="4" visitedClasses="0" numClasses="0" visitedMethods="0" numMethods="1" />
              <MetadataToken />
              <Name>System.Void InventoryManagementSystem.Controllers.AuthController/&lt;PutUser&gt;d__7::MoveNext()</Name>
              <FileRef uid="8" />
              <SequencePoints>
                <SequencePoint vc="0" uspid="78" ordinal="0" sl="78" sc="1" el="78" ec="2" bec="0" bev="0" fileid="8" />
                <SequencePoint vc="0" uspid="79" ordinal="1" sl="79" sc="1" el="79" ec="2" bec="2" bev="0" fileid="8" />
                <SequencePoint vc="0" uspid="80" ordinal="2" sl="80" sc="1" el="80" ec="2" bec="0" bev="0" fileid="8" />
                <SequencePoint vc="0" uspid="81" ordinal="3" sl="81" sc="1" el="81" ec="2" bec="0" bev="0" fileid="8" />
                <SequencePoint vc="0" uspid="83" ordinal="4" sl="83" sc="1" el="83" ec="2" bec="0" bev="0" fileid="8" />
                <SequencePoint vc="0" uspid="85" ordinal="5" sl="85" sc="1" el="85" ec="2" bec="0" bev="0" fileid="8" />
                <SequencePoint vc="0" uspid="86" ordinal="6" sl="86" sc="1" el="86" ec="2" bec="0" bev="0" fileid="8" />
                <SequencePoint vc="0" uspid="87" ordinal="7" sl="87" sc="1" el="87" ec="2" bec="0" bev="0" fileid="8" />
                <SequencePoint vc="0" uspid="88" ordinal="8" sl="88" sc="1" el="88" ec="2" bec="0" bev="0" fileid="8" />
                <SequencePoint vc="0" uspid="89" ordinal="9" sl="89" sc="1" el="89" ec="2" bec="0" bev="0" fileid="8" />
                <SequencePoint vc="0" uspid="90" ordinal="10" sl="90" sc="1" el="90" ec="2" bec="2" bev="0" fileid="8" />
                <SequencePoint vc="0" uspid="91" ordinal="11" sl="91" sc="1" el="91" ec="2" bec="0" bev="0" fileid="8" />
                <SequencePoint vc="0" uspid="92" ordinal="12" sl="92" sc="1" el="92" ec="2" bec="0" bev="0" fileid="8" />
                <SequencePoint vc="0" uspid="95" ordinal="13" sl="95" sc="1" el="95" ec="2" bec="0" bev="0" fileid="8" />
                <SequencePoint vc="0" uspid="96" ordinal="14" sl="96" sc="1" el="96" ec="2" bec="0" bev="0" fileid="8" />
                <SequencePoint vc="0" uspid="99" ordinal="15" sl="99" sc="1" el="99" ec="2" bec="0" bev="0" fileid="8" />
                <SequencePoint vc="0" uspid="100" ordinal="16" sl="100" sc="1" el="100" ec="2" bec="0" bev="0" fileid="8" />
              </SequencePoints>
              <BranchPoints>
                <BranchPoint vc="0" uspid="79" ordinal="0" path="0" offset="39" offsetend="41" sl="79" fileid="8" />
                <BranchPoint vc="0" uspid="79" ordinal="1" path="1" offset="39" offsetend="59" sl="79" fileid="8" />
                <BranchPoint vc="0" uspid="90" ordinal="2" path="0" offset="243" offsetend="245" sl="90" fileid="8" />
                <BranchPoint vc="0" uspid="90" ordinal="3" path="1" offset="243" offsetend="260" sl="90" fileid="8" />
              </BranchPoints>
              <MethodPoint vc="0" uspid="0" p8:type="SequencePoint" ordinal="0" offset="0" sc="0" sl="78" ec="1" el="100" bec="0" bev="0" fileid="8" xmlns:p8="xsi" />
            </Method>
          </Methods>
        </Class>
        <Class>
          <Summary numSequencePoints="12" visitedSequencePoints="0" numBranchPoints="6" visitedBranchPoints="0" sequenceCoverage="0" branchCoverage="0" maxCyclomaticComplexity="6" minCyclomaticComplexity="6" visitedClasses="0" numClasses="1" visitedMethods="0" numMethods="1" />
          <FullName>InventoryManagementSystem.Controllers.AuthController/&lt;DeleteUser&gt;d__9</FullName>
          <Methods>
            <Method cyclomaticComplexity="6" nPathComplexity="0" sequenceCoverage="0" branchCoverage="0" isConstructor="False" isGetter="False" isSetter="False" isStatic="True">
              <Summary numSequencePoints="12" visitedSequencePoints="0" numBranchPoints="6" visitedBranchPoints="0" sequenceCoverage="0" branchCoverage="0" maxCyclomaticComplexity="6" minCyclomaticComplexity="6" visitedClasses="0" numClasses="0" visitedMethods="0" numMethods="1" />
              <MetadataToken />
              <Name>System.Void InventoryManagementSystem.Controllers.AuthController/&lt;DeleteUser&gt;d__9::MoveNext()</Name>
              <FileRef uid="8" />
              <SequencePoints>
                <SequencePoint vc="0" uspid="110" ordinal="0" sl="110" sc="1" el="110" ec="2" bec="0" bev="0" fileid="8" />
                <SequencePoint vc="0" uspid="111" ordinal="1" sl="111" sc="1" el="111" ec="2" bec="2" bev="0" fileid="8" />
                <SequencePoint vc="0" uspid="112" ordinal="2" sl="112" sc="1" el="112" ec="2" bec="2" bev="0" fileid="8" />
                <SequencePoint vc="0" uspid="113" ordinal="3" sl="113" sc="1" el="113" ec="2" bec="0" bev="0" fileid="8" />
                <SequencePoint vc="0" uspid="114" ordinal="4" sl="114" sc="1" el="114" ec="2" bec="0" bev="0" fileid="8" />
                <SequencePoint vc="0" uspid="116" ordinal="5" sl="116" sc="1" el="116" ec="2" bec="2" bev="0" fileid="8" />
                <SequencePoint vc="0" uspid="117" ordinal="6" sl="117" sc="1" el="117" ec="2" bec="0" bev="0" fileid="8" />
                <SequencePoint vc="0" uspid="118" ordinal="7" sl="118" sc="1" el="118" ec="2" bec="0" bev="0" fileid="8" />
                <SequencePoint vc="0" uspid="120" ordinal="8" sl="120" sc="1" el="120" ec="2" bec="0" bev="0" fileid="8" />
                <SequencePoint vc="0" uspid="121" ordinal="9" sl="121" sc="1" el="121" ec="2" bec="0" bev="0" fileid="8" />
                <SequencePoint vc="0" uspid="122" ordinal="10" sl="122" sc="1" el="122" ec="2" bec="0" bev="0" fileid="8" />
                <SequencePoint vc="0" uspid="124" ordinal="11" sl="124" sc="1" el="124" ec="2" bec="0" bev="0" fileid="8" />
              </SequencePoints>
              <BranchPoints>
                <BranchPoint vc="0" uspid="111" ordinal="0" path="0" offset="83" offsetend="85" sl="111" fileid="8" />
                <BranchPoint vc="0" uspid="111" ordinal="1" path="1" offset="83" offsetend="153" sl="111" fileid="8" />
                <BranchPoint vc="0" uspid="112" ordinal="2" path="0" offset="198" offsetend="200" sl="112" fileid="8" />
                <BranchPoint vc="0" uspid="112" ordinal="3" path="1" offset="198" offsetend="223" sl="112" fileid="8" />
                <BranchPoint vc="0" uspid="116" ordinal="4" path="0" offset="248" offsetend="250" sl="116" fileid="8" />
                <BranchPoint vc="0" uspid="116" ordinal="5" path="1" offset="248" offsetend="273" sl="116" fileid="8" />
              </BranchPoints>
              <MethodPoint vc="0" uspid="0" p8:type="SequencePoint" ordinal="0" offset="0" sc="0" sl="110" ec="1" el="124" bec="0" bev="0" fileid="8" xmlns:p8="xsi" />
            </Method>
          </Methods>
        </Class>
        <Class>
          <Summary numSequencePoints="67" visitedSequencePoints="0" numBranchPoints="10" visitedBranchPoints="0" sequenceCoverage="0" branchCoverage="0" maxCyclomaticComplexity="4" minCyclomaticComplexity="1" visitedClasses="0" numClasses="1" visitedMethods="0" numMethods="6" />
          <FullName>InventoryManagementSystem.Controllers.CustomerController</FullName>
          <Methods>
            <Method cyclomaticComplexity="2" nPathComplexity="0" sequenceCoverage="0" branchCoverage="0" isConstructor="False" isGetter="False" isSetter="False" isStatic="True">
              <Summary numSequencePoints="20" visitedSequencePoints="0" numBranchPoints="2" visitedBranchPoints="0" sequenceCoverage="0" branchCoverage="0" maxCyclomaticComplexity="2" minCyclomaticComplexity="2" visitedClasses="0" numClasses="0" visitedMethods="0" numMethods="1" />
              <MetadataToken />
              <Name>Microsoft.AspNetCore.Mvc.ActionResult`1&lt;InventoryManagementSystem.Models.Customer&gt; InventoryManagementSystem.Controllers.CustomerController::GetCustomerDetails()</Name>
              <FileRef uid="9" />
              <SequencePoints>
                <SequencePoint vc="0" uspid="35" ordinal="0" sl="35" sc="1" el="35" ec="2" bec="0" bev="0" fileid="9" />
                <SequencePoint vc="0" uspid="37" ordinal="1" sl="37" sc="1" el="37" ec="2" bec="0" bev="0" fileid="9" />
                <SequencePoint vc="0" uspid="39" ordinal="2" sl="39" sc="1" el="39" ec="2" bec="0" bev="0" fileid="9" />
                <SequencePoint vc="0" uspid="40" ordinal="3" sl="40" sc="1" el="40" ec="2" bec="2" bev="0" fileid="9" />
                <SequencePoint vc="0" uspid="41" ordinal="4" sl="41" sc="1" el="41" ec="2" bec="0" bev="0" fileid="9" />
                <SequencePoint vc="0" uspid="42" ordinal="5" sl="42" sc="1" el="42" ec="2" bec="0" bev="0" fileid="9" />
                <SequencePoint vc="0" uspid="43" ordinal="6" sl="43" sc="1" el="43" ec="2" bec="0" bev="0" fileid="9" />
                <SequencePoint vc="0" uspid="44" ordinal="7" sl="44" sc="1" el="44" ec="2" bec="0" bev="0" fileid="9" />
                <SequencePoint vc="0" uspid="45" ordinal="8" sl="45" sc="1" el="45" ec="2" bec="0" bev="0" fileid="9" />
                <SequencePoint vc="0" uspid="46" ordinal="9" sl="46" sc="1" el="46" ec="2" bec="0" bev="0" fileid="9" />
                <SequencePoint vc="0" uspid="48" ordinal="10" sl="48" sc="1" el="48" ec="2" bec="0" bev="0" fileid="9" />
                <SequencePoint vc="0" uspid="49" ordinal="11" sl="49" sc="1" el="49" ec="2" bec="0" bev="0" fileid="9" />
                <SequencePoint vc="0" uspid="50" ordinal="12" sl="50" sc="1" el="50" ec="2" bec="0" bev="0" fileid="9" />
                <SequencePoint vc="0" uspid="52" ordinal="13" sl="52" sc="1" el="52" ec="2" bec="0" bev="0" fileid="9" />
                <SequencePoint vc="0" uspid="53" ordinal="14" sl="53" sc="1" el="53" ec="2" bec="0" bev="0" fileid="9" />
                <SequencePoint vc="0" uspid="54" ordinal="15" sl="54" sc="1" el="54" ec="2" bec="0" bev="0" fileid="9" />
                <SequencePoint vc="0" uspid="55" ordinal="16" sl="55" sc="1" el="55" ec="2" bec="0" bev="0" fileid="9" />
                <SequencePoint vc="0" uspid="56" ordinal="17" sl="56" sc="1" el="56" ec="2" bec="0" bev="0" fileid="9" />
                <SequencePoint vc="0" uspid="57" ordinal="18" sl="57" sc="1" el="57" ec="2" bec="0" bev="0" fileid="9" />
                <SequencePoint vc="0" uspid="58" ordinal="19" sl="58" sc="1" el="58" ec="2" bec="0" bev="0" fileid="9" />
              </SequencePoints>
              <BranchPoints>
                <BranchPoint vc="0" uspid="40" ordinal="0" path="0" offset="27" offsetend="29" sl="40" fileid="9" />
                <BranchPoint vc="0" uspid="40" ordinal="1" path="1" offset="27" offsetend="98" sl="40" fileid="9" />
              </BranchPoints>
              <MethodPoint vc="0" uspid="0" p8:type="SequencePoint" ordinal="0" offset="0" sc="0" sl="35" ec="1" el="58" bec="0" bev="0" fileid="9" xmlns:p8="xsi" />
            </Method>
            <Method cyclomaticComplexity="2" nPathComplexity="0" sequenceCoverage="0" branchCoverage="0" isConstructor="False" isGetter="False" isSetter="False" isStatic="True">
              <Summary numSequencePoints="6" visitedSequencePoints="0" numBranchPoints="2" visitedBranchPoints="0" sequenceCoverage="0" branchCoverage="0" maxCyclomaticComplexity="2" minCyclomaticComplexity="2" visitedClasses="0" numClasses="0" visitedMethods="0" numMethods="1" />
              <MetadataToken />
              <Name>Microsoft.AspNetCore.Mvc.ActionResult`1&lt;InventoryManagementSystem.Models.Customer&gt; InventoryManagementSystem.Controllers.CustomerController::GetCustomerDetails(System.Int32)</Name>
              <FileRef uid="9" />
              <SequencePoints>
                <SequencePoint vc="0" uspid="62" ordinal="0" sl="62" sc="1" el="62" ec="2" bec="0" bev="0" fileid="9" />
                <SequencePoint vc="0" uspid="63" ordinal="1" sl="63" sc="1" el="63" ec="2" bec="0" bev="0" fileid="9" />
                <SequencePoint vc="0" uspid="64" ordinal="2" sl="64" sc="1" el="64" ec="2" bec="2" bev="0" fileid="9" />
                <SequencePoint vc="0" uspid="65" ordinal="3" sl="65" sc="1" el="65" ec="2" bec="0" bev="0" fileid="9" />
                <SequencePoint vc="0" uspid="66" ordinal="4" sl="66" sc="1" el="66" ec="2" bec="0" bev="0" fileid="9" />
                <SequencePoint vc="0" uspid="67" ordinal="5" sl="67" sc="1" el="67" ec="2" bec="0" bev="0" fileid="9" />
              </SequencePoints>
              <BranchPoints>
                <BranchPoint vc="0" uspid="64" ordinal="0" path="0" offset="20" offsetend="22" sl="64" fileid="9" />
                <BranchPoint vc="0" uspid="64" ordinal="1" path="1" offset="20" offsetend="36" sl="64" fileid="9" />
              </BranchPoints>
              <MethodPoint vc="0" uspid="0" p8:type="SequencePoint" ordinal="1" offset="1" sc="0" sl="62" ec="1" el="67" bec="0" bev="0" fileid="9" xmlns:p8="xsi" />
            </Method>
            <Method cyclomaticComplexity="1" nPathComplexity="0" sequenceCoverage="0" branchCoverage="100" isConstructor="False" isGetter="False" isSetter="False" isStatic="True">
[...]
              <FileRef uid="9" />
              <SequencePoints>
                <SequencePoint vc="0" uspid="27" ordinal="0" sl="27" sc="1" el="27" ec="2" bec="0" bev="0" fileid="9" />
                <SequencePoint vc="0" uspid="28" ordinal="1" sl="28" sc="1" el="28" ec="2" bec="0" bev="0" fileid="9" />
                <SequencePoint vc="0" uspid="29" ordinal="2" sl="29" sc="1" el="29" ec="2" bec="0" bev="0" fileid="9" />
                <SequencePoint vc="0" uspid="30" ordinal="3" sl="30" sc="1" el="30" ec="2" bec="0" bev="0" fileid="9" />
                <SequencePoint vc="0" uspid="31" ordinal="4" sl="31" sc="1" el="31" ec="2" bec="0" bev="0" fileid="9" />
              </SequencePoints>
              <BranchPoints />
              <MethodPoint vc="0" uspid="0" p8:type="SequencePoint" ordinal="5" offset="5" sc="0" sl="27" ec="1" el="31" bec="0" bev="0" fileid="9" xmlns:p8="xsi" />
            </Method>
          </Methods>
        </Class>
        <Class>
          <Summary numSequencePoints="18" visitedSequencePoints="0" numBranchPoints="0" visitedBranchPoints="0" sequenceCoverage="0" branchCoverage="100" maxCyclomaticComplexity="1" minCyclomaticComplexity="1" visitedClasses="0" numClasses="1" visitedMethods="0" numMethods="3" />
          <FullName>InventoryManagementSystem.Controllers.WeatherForecastController</FullName>
          <Methods>
            <Method cyclomaticComplexity="1" nPathComplexity="0" sequenceCoverage="0" branchCoverage="100" isConstructor="False" isGetter="False" isSetter="False" isStatic="True">
              <Summary numSequencePoints="10" visitedSequencePoints="0" numBranchPoints="0" visitedBranchPoints="0" sequenceCoverage="0" branchCoverage="100" maxCyclomaticComplexity="1" minCyclomaticComplexity="1" visitedClasses="0" numClasses="0" visitedMethods="0" numMethods="1" />
              <MetadataToken />
              <Name>System.Collections.Generic.IEnumerable`1&lt;InventoryManagementSystem.WeatherForecast&gt; InventoryManagementSystem.Controllers.WeatherForecastController::Get()</Name>
              <FileRef uid="10" />
              <SequencePoints>
                <SequencePoint vc="0" uspid="28" ordinal="0" sl="28" sc="1" el="28" ec="2" bec="0" bev="0" fileid="10" />
                <SequencePoint vc="0" uspid="29" ordinal="1" sl="29" sc="1" el="29" ec="2" bec="0" bev="0" fileid="10" />
                <SequencePoint vc="0" uspid="30" ordinal="2" sl="30" sc="1" el="30" ec="2" bec="0" bev="0" fileid="10" />
                <SequencePoint vc="0" uspid="31" ordinal="3" sl="31" sc="1" el="31" ec="2" bec="0" bev="0" fileid="10" />
                <SequencePoint vc="0" uspid="32" ordinal="4" sl="32" sc="1" el="32" ec="2" bec="0" bev="0" fileid="10" />
                <SequencePoint vc="0" uspid="33" ordinal="5" sl="33" sc="1" el="33" ec="2" bec="0" bev="0" fileid="10" />
                <SequencePoint vc="0" uspid="34" ordinal="6" sl="34" sc="1" el="34" ec="2" bec="0" bev="0" fileid="10" />
                <SequencePoint vc="0" uspid="35" ordinal="7" sl="35" sc="1" el="35" ec="2" bec="0" bev="0" fileid="10" />
                <SequencePoint vc="0" uspid="36" ordinal="8" sl="36" sc="1" el="36" ec="2" bec="0" bev="0" fileid="10" />
                <SequencePoint vc="0" uspid="37" ordinal="9" sl="37" sc="1" el="37" ec="2" bec="0" bev="0" fileid="10" />
              </SequencePoints>
              <BranchPoints />
              <MethodPoint vc="0" uspid="0" p8:type="SequencePoint" ordinal="0" offset="0" sc="0" sl="28" ec="1" el="37" bec="0" bev="0" fileid="10" xmlns:p8="xsi" />
            </Method>
            <Method cyclomaticComplexity="1" nPathComplexity="0" sequenceCoverage="0" branchCoverage="100" isConstructor="True" isGetter="False" isSetter="False" isStatic="True">
              <Summary numSequencePoints="4" visitedSequencePoints="0" numBranchPoints="0" visitedBranchPoints="0" sequenceCoverage="0" branchCoverage="100" maxCyclomaticComplexity="1" minCyclomaticComplexity="1" visitedClasses="0" numClasses="0" visitedMethods="0" numMethods="1" />
              <MetadataToken />
              <Name>System.Void InventoryManagementSystem.Controllers.WeatherForecastController::.ctor(Microsoft.Extensions.Logging.ILogger`1&lt;InventoryManagementSystem.Controllers.WeatherForecastController&gt;)</Name>
              <FileRef uid="10" />
              <SequencePoints>
                <SequencePoint vc="0" uspid="21" ordinal="0" sl="21" sc="1" el="21" ec="2" bec="0" bev="0" fileid="10" />
                <SequencePoint vc="0" uspid="22" ordinal="1" sl="22" sc="1" el="22" ec="2" bec="0" bev="0" fileid="10" />
                <SequencePoint vc="0" uspid="23" ordinal="2" sl="23" sc="1" el="23" ec="2" bec="0" bev="0" fileid="10" />
                <SequencePoint vc="0" uspid="24" ordinal="3" sl="24" sc="1" el="24" ec="2" bec="0" bev="0" fileid="10" />
              </SequencePoints>
              <BranchPoints />
              <MethodPoint vc="0" uspid="0" p8:type="SequencePoint" ordinal="1" offset="1" sc="0" sl="21" ec="1" el="24" bec="0" bev="0" fileid="10" xmlns:p8="xsi" />
            </Method>
            <Method cyclomaticComplexity="1" nPathComplexity="0" sequenceCoverage="0" branchCoverage="100" isConstructor="True" isGetter="False" isSetter="False" isStatic="True">
              <Summary numSequencePoints="4" visitedSequencePoints="0" numBranchPoints="0" visitedBranchPoints="0" sequenceCoverage="0" branchCoverage="100" maxCyclomaticComplexity="1" minCyclomaticComplexity="1" visitedClasses="0" numClasses="0" visitedMethods="0" numMethods="1" />
              <MetadataToken />
              <Name>System.Void InventoryManagementSystem.Controllers.WeatherForecastController::.cctor()</Name>
              <FileRef uid="10" />
              <SequencePoints>
                <SequencePoint vc="0" uspid="14" ordinal="0" sl="14" sc="1" el="14" ec="2" bec="0" bev="0" fileid="10" />
                <SequencePoint vc="0" uspid="15" ordinal="1" sl="15" sc="1" el="15" ec="2" bec="0" bev="0" fileid="10" />
                <SequencePoint vc="0" uspid="16" ordinal="2" sl="16" sc="1" el="16" ec="2" bec="0" bev="0" fileid="10" />
                <SequencePoint vc="0" uspid="17" ordinal="3" sl="17" sc="1" el="17" ec="2" bec="0" bev="0" fileid="10" />
              </SequencePoints>
              <BranchPoints />
              <MethodPoint vc="0" uspid="0" p8:type="SequencePoint" ordinal="2" offset="2" sc="0" sl="14" ec="1" el="17" bec="0" bev="0" fileid="10" xmlns:p8="xsi" />
            </Method>
          </Methods>
        </Class>
        <Class>
          <Summary numSequencePoints="19" visitedSequencePoints="19" numBranchPoints="0" visitedBranchPoints="0" sequenceCoverage="100" branchCoverage="100" maxCyclomaticComplexity="1" minCyclomaticComplexity="1" visitedClasses="1" numClasses="1" visitedMethods="6" numMethods="6" />
          <FullName>InventoryManagementSystem.BusinessLayer.CustomerDetailsBL</FullName>
          <Methods>
            <Method cyclomaticComplexity="1" nPathComplexity="0" sequenceCoverage="100" branchCoverage="100" isConstructor="False" isGetter="False" isSetter="False" isStatic="True">
              <Summary numSequencePoints="3" visitedSequencePoints="3" numBranchPoints="0" visitedBranchPoints="0" sequenceCoverage="100" branchCoverage="100" maxCyclomaticComplexity="1" minCyclomaticComplexity="1" visitedClasses="0" numClasses="0" visitedMethods="1" numMethods="1" />
              <MetadataToken />
              <Name>System.Void InventoryManagementSystem.BusinessLayer.CustomerDetailsBL::AddCustomer(InventoryManagementSystem.Models.Customer)</Name>
              <FileRef uid="11" />
              <SequencePoints>
                <SequencePoint vc="1" uspid="21" ordinal="0" sl="21" sc="1" el="21" ec="2" bec="0" bev="0" fileid="11" />
                <SequencePoint vc="1" uspid="22" ordinal="1" sl="22" sc="1" el="22" ec="2" bec="0" bev="0" fileid="11" />
                <SequencePoint vc="1" uspid="23" ordinal="2" sl="23" sc="1" el="23" ec="2" bec="0" bev="0" fileid="11" />
              </SequencePoints>
              <BranchPoints />
              <MethodPoint vc="3" uspid="0" p8:type="SequencePoint" ordinal="0" offset="0" sc="0" sl="21" ec="1" el="23" bec="0" bev="0" fileid="11" xmlns:p8="xsi" />
            </Method>
            <Method cyclomaticComplexity="1" nPathComplexity="0" sequenceCoverage="100" branchCoverage="100" isConstructor="False" isGetter="False" isSetter="False" isStatic="True">
              <Summary numSequencePoints="3" visitedSequencePoints="3" numBranchPoints="0" visitedBranchPoints="0" sequenceCoverage="100" branchCoverage="100" maxCyclomaticComplexity="1" minCyclomaticComplexity="1" visitedClasses="0" numClasses="0" visitedMethods="1" numMethods="1" />
              <MetadataToken />
              <Name>System.Void InventoryManagementSystem.BusinessLayer.CustomerDetailsBL::EditCustomer(InventoryManagementSystem.Models.Customer)</Name>
              <FileRef uid="11" />
              <SequencePoints>
                <SequencePoint vc="1" uspid="26" ordinal="0" sl="26" sc="1" el="26" ec="2" bec="0" bev="0" fileid="11" />
                <SequencePoint vc="1" uspid="27" ordinal="1" sl="27" sc="1" el="27" ec="2" bec="0" bev="0" fileid="11" />
                <SequencePoint vc="1" uspid="28" ordinal="2" sl="28" sc="1" el="28" ec="2" bec="0" bev="0" fileid="11" />
              </SequencePoints>
              <BranchPoints />
              <MethodPoint vc="3" uspid="0" p8:type="SequencePoint" ordinal="1" offset="1" sc="0" sl="26" ec="1" el="28" bec="0" bev="0" fileid="11" xmlns:p8="xsi" />
            </Method>
            <Method cyclomaticComplexity="1" nPathComplexity="0" sequenceCoverage="100" branchCoverage="100" isConstructor="False" isGetter="False" isSetter="False" isStatic="True">
              <Summary numSequencePoints="3" visitedSequencePoints="3" numBranchPoints="0" visitedBranchPoints="0" sequenceCoverage="100" branchCoverage="100" maxCyclomaticComplexity="1" minCyclomaticComplexity="1" visitedClasses="0" numClasses="0" visitedMethods="1" numMethods="1" />
              <MetadataToken />
              <Name>InventoryManagementSystem.Models.Customer InventoryManagementSystem.BusinessLayer.CustomerDetailsBL::FindCustomerById(System.Int32)</Name>
              <FileRef uid="11" />
              <SequencePoints>
                <SequencePoint vc="1" uspid="31" ordinal="0" sl="31" sc="1" el="31" ec="2" bec="0" bev="0" fileid="11" />
                <SequencePoint vc="1" uspid="32" ordinal="1" sl="32" sc="1" el="32" ec="2" bec="0" bev="0" fileid="11" />
                <SequencePoint vc="1" uspid="33" ordinal="2" sl="33" sc="1" el="33" ec="2" bec="0" bev="0" fileid="11" />
              </SequencePoints>
              <BranchPoints />
              <MethodPoint vc="3" uspid="0" p8:type="SequencePoint" ordinal="2" offset="2" sc="0" sl="31" ec="1" el="33" bec="0" bev="0" fileid="11" xmlns:p8="xsi" />
            </Method>
            <Method cyclomaticComplexity="1" nPathComplexity="0" sequenceCoverage="100" branchCoverage="100" isConstructor="False" isGetter="False" isSetter="False" isStatic="True">
              <Summary numSequencePoints="3" visitedSequencePoints="3" numBranchPoints="0" visitedBranchPoints="0" sequenceCoverage="100" branchCoverage="100" maxCyclomaticComplexity="1" minCyclomaticComplexity="1" visitedClasses="0" numClasses="0" visitedMethods="1" numMethods="1" />
              <MetadataToken />
              <Name>System.Collections.IEnumerable InventoryManagementSystem.BusinessLayer.CustomerDetailsBL::GetCustomerDetails()</Name>
              <FileRef uid="11" />
              <SequencePoints>
                <SequencePoint vc="1" uspid="36" ordinal="0" sl="36" sc="1" el="36" ec="2" bec="0" bev="0" fileid="11" />
                <SequencePoint vc="1" uspid="37" ordinal="1" sl="37" sc="1" el="37" ec="2" bec="0" bev="0" fileid="11" />
                <SequencePoint vc="1" uspid="38" ordinal="2" sl="38" sc="1" el="38" ec="2" bec="0" bev="0" fileid="11" />
              </SequencePoints>
              <BranchPoints />
              <MethodPoint vc="3" uspid="0" p8:type="SequencePoint" ordinal="3" offset="3" sc="0" sl="36" ec="1" el="38" bec="0" bev="0" fileid="11" xmlns:p8="xsi" />
            </Method>
            <Method cyclomaticComplexity="1" nPathComplexity="0" sequenceCoverage="100" branchCoverage="100" isConstructor="False" isGetter="False" isSetter="False" isStatic="True">
              <Summary numSequencePoints="3" visitedSequencePoints="3" numBranchPoints="0" visitedBranchPoints="0" sequenceCoverage="100" branchCoverage="100" maxCyclomaticComplexity="1" minCyclomaticComplexity="1" visitedClasses="0" numClasses="0" visitedMethods="1" numMethods="1" />
              <MetadataToken />
              <Name>System.Void InventoryManagementSystem.BusinessLayer.CustomerDetailsBL::RemoveCustomer(System.Int32)</Name>
              <FileRef uid="11" />
              <SequencePoints>
                <SequencePoint vc="1" uspid="41" ordinal="0" sl="41" sc="1" el="41" ec="2" bec="0" bev="0" fileid="11" />
                <SequencePoint vc="1" uspid="42" ordinal="1" sl="42" sc="1" el="42" ec="2" bec="0" bev="0" fileid="11" />
                <SequencePoint vc="1" uspid="43" ordinal="2" sl="43" sc="1" el="43" ec="2" bec="0" bev="0" fileid="11" />
              </SequencePoints>
              <BranchPoints />
              <MethodPoint vc="3" uspid="0" p8:type="SequencePoint" ordinal="4" offset="4" sc="0" sl="41" ec="1" el="43" bec="0" bev="0" fileid="11" xmlns:p8="xsi" />
            </Method>
            <Method cyclomaticComplexity="1" nPathComplexity="0" sequenceCoverage="100" branchCoverage="100" isConstructor="True" isGetter="False" isSetter="False" isStatic="True">
              <Summary numSequencePoints="4" visitedSequencePoints="4" numBranchPoints="0" visitedBranchPoints="0" sequenceCoverage="100" branchCoverage="100" maxCyclomaticComplexity="1" minCyclomaticComplexity="1" visitedClasses="0" numClasses="0" visitedMethods="1" numMethods="1" />
              <MetadataToken />
              <Name>System.Void InventoryManagementSystem.BusinessLayer.CustomerDetailsBL::.ctor(InventoryManagementSystem.Repository.Interface.ICustomerRepository)</Name>
              <FileRef uid="11" />
              <SequencePoints>
                <SequencePoint vc="5" uspid="15" ordinal="0" sl="15" sc="1" el="15" ec="2" bec="0" bev="0" fileid="11" />
                <SequencePoint vc="5" uspid="16" ordinal="1" sl="16" sc="1" el="16" ec="2" bec="0" bev="0" fileid="11" />
                <SequencePoint vc="5" uspid="17" ordinal="2" sl="17" sc="1" el="17" ec="2" bec="0" bev="0" fileid="11" />
                <SequencePoint vc="5" uspid="18" ordinal="3" sl="18" sc="1" el="18" ec="2" bec="0" bev="0" fileid="11" />
              </SequencePoints>
              <BranchPoints />
              <MethodPoint vc="4" uspid="0" p8:type="SequencePoint" ordinal="5" offset="5" sc="0" sl="15" ec="1" el="18" bec="0" bev="0" fileid="11" xmlns:p8="xsi" />
            </Method>
          </Methods>
        </Class>
        <Class>
          <Summary numSequencePoints="20" visitedSequencePoints="0" numBranchPoints="0" visitedBranchPoints="0" sequenceCoverage="0" branchCoverage="100" maxCyclomaticComplexity="1" minCyclomaticComplexity="1" visitedClasses="0" numClasses="1" visitedMethods="0" numMethods="2" />
          <FullName>InventoryManagementSystem.Authentication.AuthenticationIMS</FullName>
          <Methods>
            <Method cyclomaticComplexity="1" nPathComplexity="0" sequenceCoverage="0" branchCoverage="100" isConstructor="False" isGetter="False" isSetter="False" isStatic="True">
              <Summary numSequencePoints="16" visitedSequencePoints="0" numBranchPoints="0" visitedBranchPoints="0" sequenceCoverage="0" branchCoverage="100" maxCyclomaticComplexity="1" minCyclomaticComplexity="1" visitedClasses="0" numClasses="0" visitedMethods="0" numMethods="1" />
              <MetadataToken />
              <Name>System.String InventoryManagementSystem.Authentication.AuthenticationIMS::Authenticate(System.String,System.String)</Name>
              <FileRef uid="12" />
              <SequencePoints>
                <SequencePoint vc="0" uspid="21" ordinal="0" sl="21" sc="1" el="21" ec="2" bec="0" bev="0" fileid="12" />
                <SequencePoint vc="0" uspid="22" ordinal="1" sl="22" sc="1" el="22" ec="2" bec="0" bev="0" fileid="12" />
                <SequencePoint vc="0" uspid="23" ordinal="2" sl="23" sc="1" el="23" ec="2" bec="0" bev="0" fileid="12" />
                <SequencePoint vc="0" uspid="24" ordinal="3" sl="24" sc="1" el="24" ec="2" bec="0" bev="0" fileid="12" />
                <SequencePoint vc="0" uspid="25" ordinal="4" sl="25" sc="1" el="25" ec="2" bec="0" bev="0" fileid="12" />
                <SequencePoint vc="0" uspid="26" ordinal="5" sl="26" sc="1" el="26" ec="2" bec="0" bev="0" fileid="12" />
                <SequencePoint vc="0" uspid="27" ordinal="6" sl="27" sc="1" el="27" ec="2" bec="0" bev="0" fileid="12" />
                <SequencePoint vc="0" uspid="28" ordinal="7" sl="28" sc="1" el="28" ec="2" bec="0" bev="0" fileid="12" />
                <SequencePoint vc="0" uspid="29" ordinal="8" sl="29" sc="1" el="29" ec="2" bec="0" bev="0" fileid="12" />
                <SequencePoint vc="0" uspid="30" ordinal="9" sl="30" sc="1" el="30" ec="2" bec="0" bev="0" fileid="12" />
                <SequencePoint vc="0" uspid="31" ordinal="10" sl="31" sc="1" el="31" ec="2" bec="0" bev="0" fileid="12" />
                <SequencePoint vc="0" uspid="32" ordinal="11" sl="32" sc="1" el="32" ec="2" bec="0" bev="0" fileid="12" />
                <SequencePoint vc="0" uspid="33" ordinal="12" sl="33" sc="1" el="33" ec="2" bec="0" bev="0" fileid="12" />
                <SequencePoint vc="0" uspid="34" ordinal="13" sl="34" sc="1" el="34" ec="2" bec="0" bev="0" fileid="12" />
                <SequencePoint vc="0" uspid="35" ordinal="14" sl="35" sc="1" el="35" ec="2" bec="0" bev="0" fileid="12" />
                <SequencePoint vc="0" uspid="36" ordinal="15" sl="36" sc="1" el="36" ec="2" bec="0" bev="0" fileid="12" />
              </SequencePoints>
              <BranchPoints />
              <MethodPoint vc="0" uspid="0" p8:type="SequencePoint" ordinal="0" offset="0" sc="0" sl="21" ec="1" el="36" bec="0" bev="0" fileid="12" xmlns:p8="xsi" />
            </Method>
            <Method cyclomaticComplexity="1" nPathComplexity="0" sequenceCoverage="0" branchCoverage="100" isConstructor="True" isGetter="False" isSetter="False" isStatic="True">
              <Summary numSequencePoints="4" visitedSequencePoints="0" numBranchPoints="0" visitedBranchPoints="0" sequenceCoverage="0" branchCoverage="100" maxCyclomaticComplexity="1" minCyclomaticComplexity="1" visitedClasses="0" numClasses="0" visitedMethods="0" numMethods="1" />
              <MetadataToken />
              <Name>System.Void InventoryManagementSystem.Authentication.AuthenticationIMS::.ctor(System.String)</Name>
              <FileRef uid="12" />
              <SequencePoints>
                <SequencePoint vc="0" uspid="16" ordinal="0" sl="16" sc="1" el="16" ec="2" bec="0" bev="0" fileid="12" />
                <SequencePoint vc="0" uspid="17" ordinal="1" sl="17" sc="1" el="17" ec="2" bec="0" bev="0" fileid="12" />
                <SequencePoint vc="0" uspid="18" ordinal="2" sl="18" sc="1" el="18" ec="2" bec="0" bev="0" fileid="12" />
                <SequencePoint vc="0" uspid="19" ordinal="3" sl="19" sc="1" el="19" ec="2" bec="0" bev="0" fileid="12" />
              </SequencePoints>
              <BranchPoints />
              <MethodPoint vc="0" uspid="0" p8:type="SequencePoint" ordinal="1" offset="1" sc="0" sl="16" ec="1" el="19" bec="0" bev="0" fileid="12" xmlns:p8="xsi" />
            </Method>
          </Methods>
        </Class>
      </Classes>
    </Module>
  </Modules>
</CoverageSession>